#
# A fatal error has been detected by the Java Runtime Environment:
#
#  SIGSEGV (0xb) at pc=0x00007f32ba005020, pid=11752, tid=0x00007f330f8c2700
#
# JRE version: Java(TM) SE Runtime Environment (8.0_162-b12) (build 1.8.0_162-b12)
# Java VM: Java HotSpot(TM) 64-Bit Server VM (25.162-b12 mixed mode linux-amd64 compressed oops)
# Problematic frame:
# C  0x00007f32ba005020
#
# Failed to write core dump. Core dumps have been disabled. To enable core dumping, try "ulimit -c unlimited" before starting Java again
#
# If you would like to submit a bug report, please visit:
#   http://bugreport.java.com/bugreport/crash.jsp
#

---------------  T H R E A D  ---------------

Current thread (0x00007f330800a800):  JavaThread "main" [_thread_in_Java, id=11755, stack(0x00007f330f7c2000,0x00007f330f8c3000)]

siginfo: si_signo: 11 (SIGSEGV), si_code: 1 (SEGV_MAPERR), si_addr: 0x00007f32ba005020

Registers:
RAX=0x0000000100082dc8, RBX=0x00000000efe590a8, RCX=0x00000000efe5cc18, RDX=0x00000000efe590a8
RSP=0x00007f330f8bfed8, RBP=0x00007f330f8c0278, RSI=0x00000000edf4dbc0, RDI=0x00000000edfcd048
R8 =0x0000000000000002, R9 =0x00000000edf4dbc0, R10=0x0000000100082dc8, R11=0x0000000000000001
R12=0x0000000000000000, R13=0x0000000000000028, R14=0x00007f330f8bff50, R15=0x00007f330800a800
RIP=0x00007f32ba005020, EFLAGS=0x0000000000010246, CSGSFS=0x0000000000000033, ERR=0x0000000000000014
  TRAPNO=0x000000000000000e

Top of Stack: (sp=0x00007f330f8bfed8)
0x00007f330f8bfed8:   00007f32f95b94c4 00007f330f8c0278
0x00007f330f8bfee8:   00007f32f95b8fd4 0000000000000000
0x00007f330f8bfef8:   0000000000000028 00007f330f8bff50
0x00007f330f8bff08:   00007f330800a800 00007f330f8bff60
0x00007f330f8bff18:   00007f32f92cc97f 00000000efe5cc18
0x00007f330f8bff28:   00007f33080094d0 00007f330f8c0278
0x00007f330f8bff38:   00007f32f95b814c 00007f330f8c0278
0x00007f330f8bff48:   00007f32f95b375c 0000000100015688
0x00007f330f8bff58:   0000000100186178 00000000edf21e18
0x00007f330f8bff68:   00000000edfcde38 0000000100015688
0x00007f330f8bff78:   00007f3200000002 00000000efe590a8
0x00007f330f8bff88:   00000000edf4dbc0 00000000edfcd048
0x00007f330f8bff98:   00000000efe5cc18 00000000c2a823c8
0x00007f330f8bffa8:   00000000edf4dbc0 00000000edf21e18
0x00007f330f8bffb8:   00000000edf1f388 0000000000000001
0x00007f330f8bffc8:   00007f330e3e5f94 00007f330f8c0278
0x00007f330f8bffd8:   00007f32f95b9b44 00000000edf27788
0x00007f330f8bffe8:   00000000efe50250 0000000000000000
0x00007f330f8bfff8:   0000000000000028 00007f330f8c0050
0x00007f330f8c0008:   00007f330800a800 00007f330f8c0060
0x00007f330f8c0018:   00007f32f92cc97f 00000000efe50250
0x00007f330f8c0028:   00007f330e358cf3 00007f330f8c0278
0x00007f330f8c0038:   00007f32f95b814c 00007f330f8c0278
0x00007f330f8c0048:   00007f32f95b375c 0000000100015688
0x00007f330f8c0058:   0000000100186178 00000000edf21e18
0x00007f330f8c0068:   00000000edfcd348 0000000100015688
0x00007f330f8c0078:   00007f3200000001 00000000efe5cc18
0x00007f330f8c0088:   00000000edf4dbc0 00000000edfcd048
0x00007f330f8c0098:   00000000efe50250 00000000c2a823c8
0x00007f330f8c00a8:   00000000edf4dbc0 00000000edf21e18
0x00007f330f8c00b8:   0000000000000002 00000000edfcde50
0x00007f330f8c00c8:   00007f330f8c01d0 00007f330f8c0278 

Instructions: (pc=0x00007f32ba005020)
0x00007f32ba005000:   
[error occurred during error reporting (printing registers, top of stack, instructions near pc), id 0xb]

Register to memory mapping:

RAX=0x0000000100082dc8 is pointing into metadata
RBX=0x00000000efe590a8 is an oop
org.sonatype.aether.impl.internal.GraphEdge 
 - klass: 'org/sonatype/aether/impl/internal/GraphEdge'
RCX=0x00000000efe5cc18 is an oop
org.sonatype.aether.impl.internal.GraphEdge 
 - klass: 'org/sonatype/aether/impl/internal/GraphEdge'
RDX=0x00000000efe590a8 is an oop
org.sonatype.aether.impl.internal.GraphEdge 
 - klass: 'org/sonatype/aether/impl/internal/GraphEdge'
RSP=0x00007f330f8bfed8 is pointing into the stack for thread: 0x00007f330800a800
RBP=0x00007f330f8c0278 is pointing into the stack for thread: 0x00007f330800a800
RSI=0x00000000edf4dbc0 is an oop
java.util.IdentityHashMap 
 - klass: 'java/util/IdentityHashMap'
RDI=0x00000000edfcd048 is an oop
org.sonatype.aether.util.graph.transformer.NearestVersionConflictResolver$ConflictGroup 
 - klass: 'org/sonatype/aether/util/graph/transformer/NearestVersionConflictResolver$ConflictGroup'
R8 =0x0000000000000002 is an unknown value
R9 =0x00000000edf4dbc0 is an oop
java.util.IdentityHashMap 
 - klass: 'java/util/IdentityHashMap'
R10=0x0000000100082dc8 is pointing into metadata
R11=0x0000000000000001 is an unknown value
R12=0x0000000000000000 is an unknown value
R13=0x0000000000000028 is an unknown value
R14=0x00007f330f8bff50 is pointing into the stack for thread: 0x00007f330800a800
R15=0x00007f330800a800 is a thread


Stack: [0x00007f330f7c2000,0x00007f330f8c3000],  sp=0x00007f330f8bfed8,  free space=1015k
Native frames: (J=compiled Java code, j=interpreted, Vv=VM code, C=native code)
C  0x00007f32ba005020
j  org.sonatype.aether.util.graph.transformer.ChainedDependencyGraphTransformer.transformGraph(Lorg/sonatype/aether/graph/DependencyNode;Lorg/sonatype/aether/collection/DependencyGraphTransformationContext;)Lorg/sonatype/aether/graph/DependencyNode;+29
j  org.sonatype.aether.util.graph.transformer.ChainedDependencyGraphTransformer.transformGraph(Lorg/sonatype/aether/graph/DependencyNode;Lorg/sonatype/aether/collection/DependencyGraphTransformationContext;)Lorg/sonatype/aether/graph/DependencyNode;+29
j  org.sonatype.aether.impl.internal.DefaultDependencyCollector.collectDependencies(Lorg/sonatype/aether/RepositorySystemSession;Lorg/sonatype/aether/collection/CollectRequest;)Lorg/sonatype/aether/collection/CollectResult;+685
j  org.sonatype.aether.impl.internal.DefaultRepositorySystem.collectDependencies(Lorg/sonatype/aether/RepositorySystemSession;Lorg/sonatype/aether/collection/CollectRequest;)Lorg/sonatype/aether/collection/CollectResult;+11
j  org.apache.maven.plugin.internal.DefaultPluginDependenciesResolver.resolve(Lorg/apache/maven/model/Plugin;Lorg/sonatype/aether/artifact/Artifact;Lorg/sonatype/aether/graph/DependencyFilter;Ljava/util/List;Lorg/sonatype/aether/RepositorySystemSession;)Lorg/sonatype/aether/graph/DependencyNode;+318
j  org.apache.maven.plugin.internal.DefaultMavenPluginManager.createPluginRealm(Lorg/apache/maven/plugin/descriptor/PluginDescriptor;Lorg/apache/maven/execution/MavenSession;Ljava/lang/ClassLoader;Ljava/util/Map;Lorg/sonatype/aether/graph/DependencyFilter;)V+86
j  org.apache.maven.plugin.internal.DefaultMavenPluginManager.setupPluginRealm(Lorg/apache/maven/plugin/descriptor/PluginDescriptor;Lorg/apache/maven/execution/MavenSession;Ljava/lang/ClassLoader;Ljava/util/List;Lorg/sonatype/aether/graph/DependencyFilter;)V+150
j  org.apache.maven.plugin.DefaultBuildPluginManager.getPluginRealm(Lorg/apache/maven/execution/MavenSession;Lorg/apache/maven/plugin/descriptor/PluginDescriptor;)Lorg/codehaus/plexus/classworlds/realm/ClassRealm;+20
j  org.apache.maven.plugin.DefaultBuildPluginManager.executeMojo(Lorg/apache/maven/execution/MavenSession;Lorg/apache/maven/plugin/MojoExecution;)V+21
j  org.apache.maven.lifecycle.internal.MojoExecutor.execute(Lorg/apache/maven/execution/MavenSession;Lorg/apache/maven/plugin/MojoExecution;Lorg/apache/maven/lifecycle/internal/ProjectIndex;Lorg/apache/maven/lifecycle/internal/DependencyContext;)V+215
j  org.apache.maven.lifecycle.internal.MojoExecutor.execute(Lorg/apache/maven/execution/MavenSession;Lorg/apache/maven/plugin/MojoExecution;Lorg/apache/maven/lifecycle/internal/ProjectIndex;Lorg/apache/maven/lifecycle/internal/DependencyContext;Lorg/apache/maven/lifecycle/internal/PhaseRecorder;)V+6
j  org.apache.maven.lifecycle.internal.MojoExecutor.execute(Lorg/apache/maven/execution/MavenSession;Ljava/util/List;Lorg/apache/maven/lifecycle/internal/ProjectIndex;)V+60
j  org.apache.maven.lifecycle.internal.LifecycleModuleBuilder.buildProject(Lorg/apache/maven/execution/MavenSession;Lorg/apache/maven/execution/MavenSession;Lorg/apache/maven/lifecycle/internal/ReactorContext;Lorg/apache/maven/project/MavenProject;Lorg/apache/maven/lifecycle/internal/TaskSegment;)V+107
j  org.apache.maven.lifecycle.internal.LifecycleModuleBuilder.buildProject(Lorg/apache/maven/execution/MavenSession;Lorg/apache/maven/lifecycle/internal/ReactorContext;Lorg/apache/maven/project/MavenProject;Lorg/apache/maven/lifecycle/internal/TaskSegment;)V+7
j  org.apache.maven.lifecycle.internal.LifecycleStarter.singleThreadedBuild(Lorg/apache/maven/execution/MavenSession;Lorg/apache/maven/lifecycle/internal/ReactorContext;Lorg/apache/maven/lifecycle/internal/ProjectBuildList;Ljava/util/List;Lorg/apache/maven/lifecycle/internal/ReactorBuildStatus;)V+77
j  org.apache.maven.lifecycle.internal.LifecycleStarter.execute(Lorg/apache/maven/execution/MavenSession;)V+421
j  org.apache.maven.DefaultMaven.doExecute(Lorg/apache/maven/execution/MavenExecutionRequest;)Lorg/apache/maven/execution/MavenExecutionResult;+585
j  org.apache.maven.DefaultMaven.execute(Lorg/apache/maven/execution/MavenExecutionRequest;)Lorg/apache/maven/execution/MavenExecutionResult;+11
j  org.apache.maven.cli.MavenCli.execute(Lorg/apache/maven/cli/MavenCli$CliRequest;)I+19
j  org.apache.maven.cli.MavenCli.doMain(Lorg/apache/maven/cli/MavenCli$CliRequest;)I+53
j  org.apache.maven.cli.MavenCli.main([Ljava/lang/String;Lorg/codehaus/plexus/classworlds/ClassWorld;)I+18
v  ~StubRoutines::call_stub
V  [libjvm.so+0x695b86]  JavaCalls::call_helper(JavaValue*, methodHandle*, JavaCallArguments*, Thread*)+0x1056
V  [libjvm.so+0x9a4247]  Reflection::invoke(instanceKlassHandle, methodHandle, Handle, bool, objArrayHandle, BasicType, objArrayHandle, bool, Thread*)+0x5d7
V  [libjvm.so+0x9a7957]  Reflection::invoke_method(oopDesc*, Handle, objArrayHandle, Thread*)+0x147
V  [libjvm.so+0x7296db]  JVM_InvokeMethod+0x26b
j  sun.reflect.NativeMethodAccessorImpl.invoke0(Ljava/lang/reflect/Method;Ljava/lang/Object;[Ljava/lang/Object;)Ljava/lang/Object;+0
j  sun.reflect.NativeMethodAccessorImpl.invoke(Ljava/lang/Object;[Ljava/lang/Object;)Ljava/lang/Object;+100
j  sun.reflect.DelegatingMethodAccessorImpl.invoke(Ljava/lang/Object;[Ljava/lang/Object;)Ljava/lang/Object;+6
j  java.lang.reflect.Method.invoke(Ljava/lang/Object;[Ljava/lang/Object;)Ljava/lang/Object;+56
j  org.codehaus.plexus.classworlds.launcher.Launcher.launchEnhanced([Ljava/lang/String;)V+45
j  org.codehaus.plexus.classworlds.launcher.Launcher.launch([Ljava/lang/String;)V+2
j  org.codehaus.plexus.classworlds.launcher.Launcher.mainWithExitCode([Ljava/lang/String;)I+97
j  org.codehaus.plexus.classworlds.launcher.Launcher.main([Ljava/lang/String;)V+1
v  ~StubRoutines::call_stub
V  [libjvm.so+0x695b86]  JavaCalls::call_helper(JavaValue*, methodHandle*, JavaCallArguments*, Thread*)+0x1056
V  [libjvm.so+0x6d7112]  jni_invoke_static(JNIEnv_*, JavaValue*, _jobject*, JNICallType, _jmethodID*, JNI_ArgumentPusher*, Thread*)+0x362
V  [libjvm.so+0x6f397a]  jni_CallStaticVoidMethod+0x17a
C  [libjli.so+0x80ff]  JavaMain+0x81f
C  [libpthread.so.0+0x76ba]  start_thread+0xca


---------------  P R O C E S S  ---------------

Java Threads: ( => current thread )
  0x00007f3308544800 JavaThread "process reaper" daemon [_thread_blocked, id=11767, stack(0x00007f32f2a28000,0x00007f32f2a61000)]
  0x00007f33080bb000 JavaThread "Service Thread" daemon [_thread_blocked, id=11764, stack(0x00007f32f301b000,0x00007f32f311c000)]
  0x00007f33080b8000 JavaThread "C1 CompilerThread1" daemon [_thread_blocked, id=11763, stack(0x00007f32f311c000,0x00007f32f321d000)]
  0x00007f33080b5800 JavaThread "C2 CompilerThread0" daemon [_thread_in_native, id=11762, stack(0x00007f32f321d000,0x00007f32f331e000)]
  0x00007f33080b4000 JavaThread "Signal Dispatcher" daemon [_thread_blocked, id=11761, stack(0x00007f32f331e000,0x00007f32f341f000)]
  0x00007f3308080800 JavaThread "Finalizer" daemon [_thread_blocked, id=11760, stack(0x00007f32f36f7000,0x00007f32f37f8000)]
  0x00007f330807c000 JavaThread "Reference Handler" daemon [_thread_blocked, id=11759, stack(0x00007f32f37f8000,0x00007f32f38f9000)]
=>0x00007f330800a800 JavaThread "main" [_thread_in_Java, id=11755, stack(0x00007f330f7c2000,0x00007f330f8c3000)]

Other Threads:
  0x00007f3308074000 VMThread [stack: 0x00007f32f38f9000,0x00007f32f39fa000] [id=11758]
  0x00007f33080bf800 WatcherThread [stack: 0x00007f32f2f1a000,0x00007f32f301b000] [id=11765]

VM state:not at safepoint (normal execution)

VM Mutex/Monitor currently owned by a thread: None

Heap:
 PSYoungGen      total 69632K, used 46719K [0x00000000eb700000, 0x00000000f0100000, 0x0000000100000000)
  eden space 63488K, 66% used [0x00000000eb700000,0x00000000ee06bc10,0x00000000ef500000)
  from space 6144K, 70% used [0x00000000efb00000,0x00000000eff34030,0x00000000f0100000)
  to   space 6144K, 0% used [0x00000000ef500000,0x00000000ef500000,0x00000000efb00000)
 ParOldGen       total 42496K, used 7169K [0x00000000c2400000, 0x00000000c4d80000, 0x00000000eb700000)
  object space 42496K, 16% used [0x00000000c2400000,0x00000000c2b00440,0x00000000c4d80000)
 Metaspace       used 14474K, capacity 14814K, committed 14976K, reserved 1062912K
  class space    used 1710K, capacity 1799K, committed 1920K, reserved 1048576K

Card table byte_map: [0x00007f330c376000,0x00007f330c565000] byte_map_base: 0x00007f330bd64000

Marking Bits: (ParMarkBitMap*) 0x00007f330ec9cca0
 Begin Bits: [0x00007f32ea120000, 0x00007f32eb090000)
 End Bits:   [0x00007f32eb090000, 0x00007f32ec000000)

Polling page: 0x00007f330f8ee000

CodeCache: size=245760Kb used=7538Kb max_used=7564Kb free=238221Kb
 bounds [0x00007f32f9000000, 0x00007f32f9770000, 0x00007f3308000000]
 total_blobs=2816 nmethods=2482 adapters=249
 compilation: enabled

Compilation events (10 events):
Event: 3.223 Thread 0x00007f33080b8000 2505       2       org.sonatype.aether.util.graph.transformer.ConflictIdSorter$ConflictId::hashCode (8 bytes)
Event: 3.223 Thread 0x00007f33080b8000 nmethod 2505 0x00007f32f9754790 code [0x00007f32f9754900, 0x00007f32f9754a88]
Event: 3.223 Thread 0x00007f33080b8000 2501       2       java.util.IdentityHashMap$KeyIterator::next (13 bytes)
Event: 3.223 Thread 0x00007f33080b8000 nmethod 2501 0x00007f32f9754b10 code [0x00007f32f9754c80, 0x00007f32f9754e48]
Event: 3.223 Thread 0x00007f33080b8000 2500       2       org.sonatype.aether.impl.internal.GraphEdge::getAliases (8 bytes)
Event: 3.223 Thread 0x00007f33080b8000 nmethod 2500 0x00007f32f9754f50 code [0x00007f32f97550a0, 0x00007f32f97551f0]
Event: 3.225 Thread 0x00007f33080b8000 2508 %     3       java.util.IdentityHashMap::get @ 22 (60 bytes)
Event: 3.225 Thread 0x00007f33080b8000 nmethod 2508% 0x00007f32f9755290 code [0x00007f32f9755440, 0x00007f32f9755948]
Event: 3.225 Thread 0x00007f33080b8000 2509       3       java.util.IdentityHashMap::get (60 bytes)
Event: 3.226 Thread 0x00007f33080b8000 nmethod 2509 0x00007f32f9755bd0 code [0x00007f32f9755d80, 0x00007f32f9756228]

GC Heap History (10 events):
Event: 1.372 GC heap before
{Heap before GC invocations=2 (full 0):
 PSYoungGen      total 18432K, used 18411K [0x00000000eb700000, 0x00000000ecb80000, 0x0000000100000000)
  eden space 15872K, 100% used [0x00000000eb700000,0x00000000ec680000,0x00000000ec680000)
  from space 2560K, 99% used [0x00000000ec680000,0x00000000ec8fae08,0x00000000ec900000)
  to   space 2560K, 0% used [0x00000000ec900000,0x00000000ec900000,0x00000000ecb80000)
 ParOldGen       total 42496K, used 678K [0x00000000c2400000, 0x00000000c4d80000, 0x00000000eb700000)
  object space 42496K, 1% used [0x00000000c2400000,0x00000000c24a9a60,0x00000000c4d80000)
 Metaspace       used 7844K, capacity 8002K, committed 8320K, reserved 1056768K
  class space    used 979K, capacity 1049K, committed 1152K, reserved 1048576K
Event: 1.379 GC heap after
Heap after GC invocations=2 (full 0):
 PSYoungGen      total 18432K, used 2550K [0x00000000eb700000, 0x00000000edb00000, 0x0000000100000000)
  eden space 15872K, 0% used [0x00000000eb700000,0x00000000eb700000,0x00000000ec680000)
  from space 2560K, 99% used [0x00000000ec900000,0x00000000ecb7d900,0x00000000ecb80000)
  to   space 2560K, 0% used [0x00000000ec680000,0x00000000ec680000,0x00000000ec900000)
 ParOldGen       total 42496K, used 789K [0x00000000c2400000, 0x00000000c4d80000, 0x00000000eb700000)
  object space 42496K, 1% used [0x00000000c2400000,0x00000000c24c55a0,0x00000000c4d80000)
 Metaspace       used 7844K, capacity 8002K, committed 8320K, reserved 1056768K
  class space    used 979K, capacity 1049K, committed 1152K, reserved 1048576K
}
Event: 1.767 GC heap before
{Heap before GC invocations=3 (full 0):
 PSYoungGen      total 18432K, used 18422K [0x00000000eb700000, 0x00000000edb00000, 0x0000000100000000)
  eden space 15872K, 100% used [0x00000000eb700000,0x00000000ec680000,0x00000000ec680000)
  from space 2560K, 99% used [0x00000000ec900000,0x00000000ecb7d900,0x00000000ecb80000)
  to   space 2560K, 0% used [0x00000000ec680000,0x00000000ec680000,0x00000000ec900000)
 ParOldGen       total 42496K, used 789K [0x00000000c2400000, 0x00000000c4d80000, 0x00000000eb700000)
  object space 42496K, 1% used [0x00000000c2400000,0x00000000c24c55a0,0x00000000c4d80000)
 Metaspace       used 9759K, capacity 9948K, committed 10112K, reserved 1058816K
  class space    used 1242K, capacity 1309K, committed 1408K, reserved 1048576K
Event: 1.776 GC heap after
Heap after GC invocations=3 (full 0):
 PSYoungGen      total 18432K, used 2547K [0x00000000eb700000, 0x00000000edb00000, 0x0000000100000000)
  eden space 15872K, 0% used [0x00000000eb700000,0x00000000eb700000,0x00000000ec680000)
  from space 2560K, 99% used [0x00000000ec680000,0x00000000ec8fcd58,0x00000000ec900000)
  to   space 2560K, 0% used [0x00000000ed880000,0x00000000ed880000,0x00000000edb00000)
 ParOldGen       total 42496K, used 2334K [0x00000000c2400000, 0x00000000c4d80000, 0x00000000eb700000)
  object space 42496K, 5% used [0x00000000c2400000,0x00000000c2647b78,0x00000000c4d80000)
 Metaspace       used 9759K, capacity 9948K, committed 10112K, reserved 1058816K
  class space    used 1242K, capacity 1309K, committed 1408K, reserved 1048576K
}
Event: 2.179 GC heap before
{Heap before GC invocations=4 (full 0):
 PSYoungGen      total 18432K, used 18419K [0x00000000eb700000, 0x00000000edb00000, 0x0000000100000000)
  eden space 15872K, 100% used [0x00000000eb700000,0x00000000ec680000,0x00000000ec680000)
  from space 2560K, 99% used [0x00000000ec680000,0x00000000ec8fcd58,0x00000000ec900000)
  to   space 2560K, 0% used [0x00000000ed880000,0x00000000ed880000,0x00000000edb00000)
 ParOldGen       total 42496K, used 2334K [0x00000000c2400000, 0x00000000c4d80000, 0x00000000eb700000)
  object space 42496K, 5% used [0x00000000c2400000,0x00000000c2647b78,0x00000000c4d80000)
 Metaspace       used 13142K, capacity 13416K, committed 13568K, reserved 1060864K
  class space    used 1619K, capacity 1722K, committed 1792K, reserved 1048576K
Event: 2.200 GC heap after
Heap after GC invocations=4 (full 0):
 PSYoungGen      total 34304K, used 2544K [0x00000000eb700000, 0x00000000edb00000, 0x0000000100000000)
  eden space 31744K, 0% used [0x00000000eb700000,0x00000000eb700000,0x00000000ed600000)
  from space 2560K, 99% used [0x00000000ed880000,0x00000000edafc010,0x00000000edb00000)
  to   space 2560K, 0% used [0x00000000ed600000,0x00000000ed600000,0x00000000ed880000)
 ParOldGen       total 42496K, used 4877K [0x00000000c2400000, 0x00000000c4d80000, 0x00000000eb700000)
  object space 42496K, 11% used [0x00000000c2400000,0x00000000c28c3678,0x00000000c4d80000)
 Metaspace       used 13142K, capacity 13416K, committed 13568K, reserved 1060864K
  class space    used 1619K, capacity 1722K, committed 1792K, reserved 1048576K
}
Event: 2.543 GC heap before
{Heap before GC invocations=5 (full 0):
 PSYoungGen      total 34304K, used 34288K [0x00000000eb700000, 0x00000000edb00000, 0x0000000100000000)
  eden space 31744K, 100% used [0x00000000eb700000,0x00000000ed600000,0x00000000ed600000)
  from space 2560K, 99% used [0x00000000ed880000,0x00000000edafc010,0x00000000edb00000)
  to   space 2560K, 0% used [0x00000000ed600000,0x00000000ed600000,0x00000000ed880000)
 ParOldGen       total 42496K, used 4877K [0x00000000c2400000, 0x00000000c4d80000, 0x00000000eb700000)
  object space 42496K, 11% used [0x00000000c2400000,0x00000000c28c3678,0x00000000c4d80000)
 Metaspace       used 13512K, capacity 13856K, committed 14080K, reserved 1060864K
  class space    used 1639K, capacity 1758K, committed 1792K, reserved 1048576K
Event: 2.552 GC heap after
Heap after GC invocations=5 (full 0):
 PSYoungGen      total 34304K, used 2560K [0x00000000eb700000, 0x00000000f0100000, 0x0000000100000000)
  eden space 31744K, 0% used [0x00000000eb700000,0x00000000eb700000,0x00000000ed600000)
  from space 2560K, 100% used [0x00000000ed600000,0x00000000ed880000,0x00000000ed880000)
  to   space 6144K, 0% used [0x00000000efb00000,0x00000000efb00000,0x00000000f0100000)
 ParOldGen       total 42496K, used 7169K [0x00000000c2400000, 0x00000000c4d80000, 0x00000000eb700000)
  object space 42496K, 16% used [0x00000000c2400000,0x00000000c2b00440,0x00000000c4d80000)
 Metaspace       used 13512K, capacity 13856K, committed 14080K, reserved 1060864K
  class space    used 1639K, capacity 1758K, committed 1792K, reserved 1048576K
}
Event: 2.923 GC heap before
{Heap before GC invocations=6 (full 0):
 PSYoungGen      total 34304K, used 34304K [0x00000000eb700000, 0x00000000f0100000, 0x0000000100000000)
  eden space 31744K, 100% used [0x00000000eb700000,0x00000000ed600000,0x00000000ed600000)
  from space 2560K, 100% used [0x00000000ed600000,0x00000000ed880000,0x00000000ed880000)
  to   space 6144K, 0% used [0x00000000efb00000,0x00000000efb00000,0x00000000f0100000)
 ParOldGen       total 42496K, used 7169K [0x00000000c2400000, 0x00000000c4d80000, 0x00000000eb700000)
  object space 42496K, 16% used [0x00000000c2400000,0x00000000c2b00440,0x00000000c4d80000)
 Metaspace       used 14251K, capacity 14616K, committed 14976K, reserved 1062912K
  class space    used 1707K, capacity 1798K, committed 1920K, reserved 1048576K
Event: 2.937 GC heap after
Heap after GC invocations=6 (full 0):
 PSYoungGen      total 69632K, used 4304K [0x00000000eb700000, 0x00000000f0100000, 0x0000000100000000)
  eden space 63488K, 0% used [0x00000000eb700000,0x00000000eb700000,0x00000000ef500000)
  from space 6144K, 70% used [0x00000000efb00000,0x00000000eff34030,0x00000000f0100000)
  to   space 6144K, 0% used [0x00000000ef500000,0x00000000ef500000,0x00000000efb00000)
 ParOldGen       total 42496K, used 7169K [0x00000000c2400000, 0x00000000c4d80000, 0x00000000eb700000)
  object space 42496K, 16% used [0x00000000c2400000,0x00000000c2b00440,0x00000000c4d80000)
 Metaspace       used 14251K, capacity 14616K, committed 14976K, reserved 1062912K
  class space    used 1707K, capacity 1798K, committed 1920K, reserved 1048576K
}

Deoptimization events (10 events):
Event: 1.886 Thread 0x00007f330800a800 Uncommon trap: reason=unstable_if action=reinterpret pc=0x00007f32f9321f90 method=java.lang.String.lastIndexOf([CII[CIII)I @ 66
Event: 2.127 Thread 0x00007f330800a800 Uncommon trap: reason=unstable_if action=reinterpret pc=0x00007f32f92158bc method=sun.nio.cs.UTF_8$Decoder.decode([BII[C)I @ 30
Event: 2.128 Thread 0x00007f330800a800 Uncommon trap: reason=unstable_if action=reinterpret pc=0x00007f32f9260e78 method=sun.nio.cs.UTF_8$Decoder.decodeArrayLoop(Ljava/nio/ByteBuffer;Ljava/nio/CharBuffer;)Ljava/nio/charset/CoderResult; @ 84
Event: 2.166 Thread 0x00007f330800a800 Uncommon trap: reason=unstable_if action=reinterpret pc=0x00007f32f939222c method=java.util.HashMap.hash(Ljava/lang/Object;)I @ 1
Event: 2.404 Thread 0x00007f330800a800 Uncommon trap: reason=unstable_if action=reinterpret pc=0x00007f32f9538690 method=org.codehaus.plexus.util.xml.pull.MXParser.nextImpl()I @ 280
Event: 2.578 Thread 0x00007f330800a800 Uncommon trap: reason=unstable_if action=reinterpret pc=0x00007f32f93dffb0 method=java.util.HashMap.hash(Ljava/lang/Object;)I @ 1
Event: 2.963 Thread 0x00007f330800a800 Uncommon trap: reason=class_check action=maybe_recompile pc=0x00007f32f968f268 method=org.apache.maven.model.interpolation.StringSearchModelInterpolator$InterpolateObjectAction.interpolateMapField(Ljava/lang/Object;Ljava/lang/reflect/Field;)V @ 126
Event: 2.964 Thread 0x00007f330800a800 Uncommon trap: reason=class_check action=maybe_recompile pc=0x00007f32f968f268 method=org.apache.maven.model.interpolation.StringSearchModelInterpolator$InterpolateObjectAction.interpolateMapField(Ljava/lang/Object;Ljava/lang/reflect/Field;)V @ 126
Event: 2.964 Thread 0x00007f330800a800 Uncommon trap: reason=class_check action=maybe_recompile pc=0x00007f32f968f268 method=org.apache.maven.model.interpolation.StringSearchModelInterpolator$InterpolateObjectAction.interpolateMapField(Ljava/lang/Object;Ljava/lang/reflect/Field;)V @ 126
Event: 3.214 Thread 0x00007f330800a800 Uncommon trap: reason=class_check action=maybe_recompile pc=0x00007f32f968f268 method=org.apache.maven.model.interpolation.StringSearchModelInterpolator$InterpolateObjectAction.interpolateMapField(Ljava/lang/Object;Ljava/lang/reflect/Field;)V @ 126

Classes redefined (0 events):
No events

Internal exceptions (10 events):
Event: 1.172 Thread 0x00007f330800a800 Exception <a 'java/lang/ArrayIndexOutOfBoundsException'> (0x00000000ec19cf30) thrown at [/HUDSON/workspace/8-2-build-linux-amd64/jdk8u162/10278/hotspot/src/share/vm/runtime/sharedRuntime.cpp, line 605]
Event: 1.176 Thread 0x00007f330800a800 Exception <a 'java/lang/ArrayIndexOutOfBoundsException'> (0x00000000ec19ebd8) thrown at [/HUDSON/workspace/8-2-build-linux-amd64/jdk8u162/10278/hotspot/src/share/vm/runtime/sharedRuntime.cpp, line 605]
Event: 1.360 Thread 0x00007f330800a800 Exception <a 'java/lang/NoClassDefFoundError': org/slf4j/Logger> (0x00000000ec629470) thrown at [/HUDSON/workspace/8-2-build-linux-amd64/jdk8u162/10278/hotspot/src/share/vm/classfile/systemDictionary.cpp, line 199]
Event: 1.447 Thread 0x00007f330800a800 Exception <a 'java/lang/NoClassDefFoundError': org/slf4j/LoggerFactory> (0x00000000eb9438a0) thrown at [/HUDSON/workspace/8-2-build-linux-amd64/jdk8u162/10278/hotspot/src/share/vm/classfile/systemDictionary.cpp, line 199]
Event: 1.447 Thread 0x00007f330800a800 Exception <a 'java/lang/NoClassDefFoundError'> (0x00000000eb9438a0) thrown at [/HUDSON/workspace/8-2-build-linux-amd64/jdk8u162/10278/hotspot/src/share/vm/oops/instanceKlass.cpp, line 959]
Event: 1.931 Thread 0x00007f330800a800 Exception <a 'java/lang/NoSuchFieldError': method resolution failed> (0x00000000ebdb12e0) thrown at [/HUDSON/workspace/8-2-build-linux-amd64/jdk8u162/10278/hotspot/src/share/vm/prims/methodHandles.cpp, line 1167]
Event: 1.940 Thread 0x00007f330800a800 Exception <a 'java/lang/NoSuchFieldError': method resolution failed> (0x00000000ebdbe9a0) thrown at [/HUDSON/workspace/8-2-build-linux-amd64/jdk8u162/10278/hotspot/src/share/vm/prims/methodHandles.cpp, line 1167]
Event: 2.166 Thread 0x00007f330800a800 Implicit null exception at 0x00007f32f9392035 to 0x00007f32f939221d
Event: 2.578 Thread 0x00007f330800a800 Implicit null exception at 0x00007f32f93df89b to 0x00007f32f93dff95
Event: 2.631 Thread 0x00007f330800a800 Exception <a 'java/lang/NoClassDefFoundError': org/slf4j/Logger> (0x00000000ebcb61a8) thrown at [/HUDSON/workspace/8-2-build-linux-amd64/jdk8u162/10278/hotspot/src/share/vm/oops/constantPool.cpp, line 235]

Events (10 events):
Event: 2.985 loading class org/apache/maven/repository/internal/RelocatedArtifact done
Event: 3.022 Thread 0x00007f330800a800 DEOPT PACKING pc=0x00007f32f9564b4f sp=0x00007f330f8bfe60
Event: 3.022 Thread 0x00007f330800a800 DEOPT UNPACKING pc=0x00007f32f90470c4 sp=0x00007f330f8bfbc0 mode 0
Event: 3.057 Executing VM operation: ForceSafepoint
Event: 3.057 Executing VM operation: ForceSafepoint done
Event: 3.084 loading class org/sonatype/aether/collection/DependencyManagement
Event: 3.084 loading class org/sonatype/aether/collection/DependencyManagement done
Event: 3.214 Thread 0x00007f330800a800 Uncommon trap: trap_request=0xffffffde fr.pc=0x00007f32f968f268
Event: 3.214 Thread 0x00007f330800a800 DEOPT PACKING pc=0x00007f32f968f268 sp=0x00007f330f8bf0d0
Event: 3.214 Thread 0x00007f330800a800 DEOPT UNPACKING pc=0x00007f32f904547a sp=0x00007f330f8befe8 mode 2


Dynamic libraries:
00400000-00401000 r-xp 00000000 08:01 1330267                            /opt/java/jdk1.8.0_162/bin/java
00600000-00601000 rw-p 00000000 08:01 1330267                            /opt/java/jdk1.8.0_162/bin/java
01680000-016a1000 rw-p 00000000 00:00 0                                  [heap]
c2400000-c4d80000 rw-p 00000000 00:00 0 
c4d80000-eb700000 ---p 00000000 00:00 0 
eb700000-f0100000 rw-p 00000000 00:00 0 
f0100000-100000000 ---p 00000000 00:00 0 
100000000-1001e0000 rw-p 00000000 00:00 0 
1001e0000-140000000 ---p 00000000 00:00 0 
7f32c0fff000-7f32c4000000 rw-p 00000000 00:00 0 
7f32c4000000-7f32c4021000 rw-p 00000000 00:00 0 
7f32c4021000-7f32c8000000 ---p 00000000 00:00 0 
7f32c8000000-7f32c8021000 rw-p 00000000 00:00 0 
7f32c8021000-7f32cc000000 ---p 00000000 00:00 0 
7f32cc000000-7f32ccdef000 rw-p 00000000 00:00 0 
7f32ccdef000-7f32d0000000 ---p 00000000 00:00 0 
7f32d0000000-7f32d0021000 rw-p 00000000 00:00 0 
7f32d0021000-7f32d4000000 ---p 00000000 00:00 0 
7f32d4000000-7f32d4021000 rw-p 00000000 00:00 0 
7f32d4021000-7f32d8000000 ---p 00000000 00:00 0 
7f32d8000000-7f32d8a50000 rw-p 00000000 00:00 0 
7f32d8a50000-7f32dc000000 ---p 00000000 00:00 0 
7f32dc000000-7f32dc021000 rw-p 00000000 00:00 0 
7f32dc021000-7f32e0000000 ---p 00000000 00:00 0 
7f32e0000000-7f32e0021000 rw-p 00000000 00:00 0 
7f32e0021000-7f32e4000000 ---p 00000000 00:00 0 
7f32e4000000-7f32e4021000 rw-p 00000000 00:00 0 
7f32e4021000-7f32e8000000 ---p 00000000 00:00 0 
7f32ea120000-7f32ec000000 rw-p 00000000 00:00 0 
7f32ec000000-7f32ec026000 rw-p 00000000 00:00 0 
7f32ec026000-7f32f0000000 ---p 00000000 00:00 0 
7f32f23fb000-7f32f23ff000 r--s 00033000 08:05 3673167                    /home/esu/.m2/repository/org/codehaus/plexus/plexus-utils/2.0.5/plexus-utils-2.0.5.jar
7f32f23ff000-7f32f24bf000 rw-p 00000000 00:00 0 
7f32f24bf000-7f32f25ff000 ---p 00000000 00:00 0 
7f32f25ff000-7f32f2600000 r--s 00005000 08:05 3018055                    /home/esu/.m2/repository/org/apache/maven/plugins/maven-clean-plugin/2.4.1/maven-clean-plugin-2.4.1.jar
7f32f2600000-7f32f2611000 r-xp 00000000 08:01 1347342                    /opt/java/jdk1.8.0_162/jre/lib/amd64/libnio.so
7f32f2611000-7f32f2810000 ---p 00011000 08:01 1347342                    /opt/java/jdk1.8.0_162/jre/lib/amd64/libnio.so
7f32f2810000-7f32f2811000 rw-p 00010000 08:01 1347342                    /opt/java/jdk1.8.0_162/jre/lib/amd64/libnio.so
7f32f2811000-7f32f2827000 r-xp 00000000 08:01 1347339                    /opt/java/jdk1.8.0_162/jre/lib/amd64/libnet.so
7f32f2827000-7f32f2a27000 ---p 00016000 08:01 1347339                    /opt/java/jdk1.8.0_162/jre/lib/amd64/libnet.so
7f32f2a27000-7f32f2a28000 rw-p 00016000 08:01 1347339                    /opt/java/jdk1.8.0_162/jre/lib/amd64/libnet.so
7f32f2a28000-7f32f2a2b000 ---p 00000000 00:00 0 
7f32f2a2b000-7f32f2a61000 rw-p 00000000 00:00 0 
7f32f2a61000-7f32f2a62000 r--p 00000000 00:00 0 
7f32f2a62000-7f32f2c62000 rw-p 00000000 00:00 0 
7f32f2c62000-7f32f2c67000 r--s 0009d000 08:01 1344431                    /opt/java/jdk1.8.0_162/jre/lib/jsse.jar
7f32f2c67000-7f32f2e67000 rw-p 00000000 00:00 0 
7f32f2e67000-7f32f2e69000 r--s 0000d000 08:05 4728872                    /home/esu/netbeans-8.2/java/maven-nblib/netbeans-eventspy.jar
7f32f2e69000-7f32f2e6d000 r--s 00021000 08:05 4728845                    /home/esu/netbeans-8.2/java/maven/lib/maven-model-builder-3.0.5.jar
7f32f2e6d000-7f32f2e6f000 r--s 00006000 08:05 4728831                    /home/esu/netbeans-8.2/java/maven/lib/maven-repository-metadata-3.0.5.jar
7f32f2e6f000-7f32f2e71000 r--s 0000a000 08:05 4728868                    /home/esu/netbeans-8.2/java/maven/lib/maven-settings-3.0.5.jar
7f32f2e71000-7f32f2e73000 r--s 00002000 08:05 4728881                    /home/esu/netbeans-8.2/java/maven/lib/plexus-cipher-1.7.jar
7f32f2e73000-7f32f2e76000 r--s 0001d000 08:05 4728876                    /home/esu/netbeans-8.2/java/maven/lib/aether-impl-1.13.1.jar
7f32f2e76000-7f32f2e77000 r--s 00006000 08:05 4728846                    /home/esu/netbeans-8.2/java/maven/lib/plexus-sec-dispatcher-1.3.jar
7f32f2e77000-7f32f2e79000 r--s 0000b000 08:05 4728861                    /home/esu/netbeans-8.2/java/maven/lib/maven-plugin-api-3.0.5.jar
7f32f2e79000-7f32f2e81000 r--s 00050000 08:05 4728854                    /home/esu/netbeans-8.2/java/maven/lib/sisu-guice-3.1.0-no_aop.jar
7f32f2e81000-7f32f2e82000 r--s 0000a000 08:05 4728867                    /home/esu/netbeans-8.2/java/maven/lib/maven-embedder-3.0.5.jar
7f32f2e82000-7f32f2e84000 r--s 00006000 08:05 4728836                    /home/esu/netbeans-8.2/java/maven/lib/aether-connector-wagon-1.13.1.jar
7f32f2e84000-7f32f2f1a000 r--s 0110a000 08:01 1347497                    /opt/java/jdk1.8.0_162/jre/lib/ext/jfxrt.jar
7f32f2f1a000-7f32f2f1b000 ---p 00000000 00:00 0 
7f32f2f1b000-7f32f301b000 rw-p 00000000 00:00 0 
7f32f301b000-7f32f301e000 ---p 00000000 00:00 0 
7f32f301e000-7f32f311c000 rw-p 00000000 00:00 0 
7f32f311c000-7f32f311f000 ---p 00000000 00:00 0 
7f32f311f000-7f32f321d000 rw-p 00000000 00:00 0 
7f32f321d000-7f32f3220000 ---p 00000000 00:00 0 
7f32f3220000-7f32f331e000 rw-p 00000000 00:00 0 
7f32f331e000-7f32f3321000 ---p 00000000 00:00 0 
7f32f3321000-7f32f341f000 rw-p 00000000 00:00 0 
7f32f341f000-7f32f36f7000 r--p 00000000 08:01 793726                     /usr/lib/locale/locale-archive
7f32f36f7000-7f32f36fa000 ---p 00000000 00:00 0 
7f32f36fa000-7f32f37f8000 rw-p 00000000 00:00 0 
7f32f37f8000-7f32f37fb000 ---p 00000000 00:00 0 
7f32f37fb000-7f32f38f9000 rw-p 00000000 00:00 0 
7f32f38f9000-7f32f38fa000 ---p 00000000 00:00 0 
7f32f38fa000-7f32f4000000 rw-p 00000000 00:00 0 
7f32f4000000-7f32f4021000 rw-p 00000000 00:00 0 
7f32f4021000-7f32f8000000 ---p 00000000 00:00 0 
7f32f8000000-7f32f8004000 r--s 00013000 08:05 4728882                    /home/esu/netbeans-8.2/java/maven/lib/aether-api-1.13.1.jar
7f32f8004000-7f32f8005000 r--s 00002000 08:05 4728889                    /home/esu/netbeans-8.2/java/maven/lib/wagon-file-2.10.jar
7f32f8005000-7f32f8007000 r--s 0000b000 08:05 4728855                    /home/esu/netbeans-8.2/java/maven/lib/wagon-provider-api-2.10.jar
7f32f8007000-7f32f8008000 r--s 00002000 08:05 4728863                    /home/esu/netbeans-8.2/java/maven/lib/wagon-http-shared-2.10.jar
7f32f8008000-7f32f8027000 r--s 00154000 08:05 4728888                    /home/esu/netbeans-8.2/java/maven/lib/sisu-guava-0.9.9.jar
7f32f8027000-7f32f802b000 r--s 0001c000 08:05 4728877                    /home/esu/netbeans-8.2/java/maven/lib/aether-util-1.13.1.jar
7f32f802b000-7f32f802d000 r--s 00000000 08:05 4728828                    /home/esu/netbeans-8.2/java/maven/lib/plexus-component-annotations-1.5.5.jar
7f32f802d000-7f32f8034000 r--s 0003f000 08:05 4728862                    /home/esu/netbeans-8.2/java/maven/lib/sisu-inject-bean-2.3.0.jar
7f32f8034000-7f32f803b000 r--s 0002b000 08:05 4728852                    /home/esu/netbeans-8.2/java/maven/lib/sisu-inject-plexus-2.3.0.jar
7f32f803b000-7f32f806a000 r--s 001c8000 08:05 4728860                    /home/esu/netbeans-8.2/java/maven/lib/wagon-http-2.10-shaded.jar
7f32f806a000-7f32f806b000 r--s 00003000 08:05 4728883                    /home/esu/netbeans-8.2/java/maven/lib/aether-spi-1.13.1.jar
7f32f806b000-7f32f806d000 r--s 00009000 08:05 4728890                    /home/esu/netbeans-8.2/java/maven/lib/commons-cli-1.2.jar
7f32f806d000-7f32f8071000 r--s 00033000 08:05 4728875                    /home/esu/netbeans-8.2/java/maven/lib/plexus-utils-2.0.6.jar
7f32f8071000-7f32f83c3000 rw-p 00000000 00:00 0 
7f32f83c3000-7f32f859c000 r--s 03d65000 08:01 1344426                    /opt/java/jdk1.8.0_162/jre/lib/rt.jar
7f32f859c000-7f32f9000000 rw-p 00000000 00:00 0 
7f32f9000000-7f32f9770000 rwxp 00000000 00:00 0 
7f32f9770000-7f3308000000 ---p 00000000 00:00 0 
7f3308000000-7f33088ce000 rw-p 00000000 00:00 0 
7f33088ce000-7f330c000000 ---p 00000000 00:00 0 
7f330c000000-7f330c002000 r--s 0000d000 08:05 4728847                    /home/esu/netbeans-8.2/java/maven/lib/plexus-interpolation-1.14.jar
7f330c002000-7f330c004000 r--s 0000b000 08:05 4728866                    /home/esu/netbeans-8.2/java/maven/lib/maven-artifact-3.0.5.jar
7f330c004000-7f330c006000 r--s 00026000 08:05 4728880                    /home/esu/netbeans-8.2/java/maven/lib/maven-model-3.0.5.jar
7f330c006000-7f330c009000 r--s 00008000 08:05 4728837                    /home/esu/netbeans-8.2/java/maven/lib/maven-settings-builder-3.0.5.jar
7f330c009000-7f330c02a000 rw-p 00000000 00:00 0 
7f330c02a000-7f330c02b000 ---p 00000000 00:00 0 
7f330c02b000-7f330c12b000 rw-p 00000000 00:00 0 
7f330c12b000-7f330c12c000 ---p 00000000 00:00 0 
7f330c12c000-7f330c241000 rw-p 00000000 00:00 0 
7f330c241000-7f330c376000 ---p 00000000 00:00 0 
7f330c376000-7f330c38b000 rw-p 00000000 00:00 0 
7f330c38b000-7f330c4bf000 ---p 00000000 00:00 0 
7f330c4bf000-7f330c4e5000 rw-p 00000000 00:00 0 
7f330c4e5000-7f330c564000 ---p 00000000 00:00 0 
7f330c564000-7f330c583000 rw-p 00000000 00:00 0 
7f330c583000-7f330c925000 ---p 00000000 00:00 0 
7f330c925000-7f330c940000 r-xp 00000000 08:01 1347335                    /opt/java/jdk1.8.0_162/jre/lib/amd64/libzip.so
7f330c940000-7f330cb40000 ---p 0001b000 08:01 1347335                    /opt/java/jdk1.8.0_162/jre/lib/amd64/libzip.so
7f330cb40000-7f330cb41000 rw-p 0001b000 08:01 1347335                    /opt/java/jdk1.8.0_162/jre/lib/amd64/libzip.so
7f330cb41000-7f330cb4c000 r-xp 00000000 08:01 1708668                    /lib/x86_64-linux-gnu/libnss_files-2.23.so
7f330cb4c000-7f330cd4b000 ---p 0000b000 08:01 1708668                    /lib/x86_64-linux-gnu/libnss_files-2.23.so
7f330cd4b000-7f330cd4c000 r--p 0000a000 08:01 1708668                    /lib/x86_64-linux-gnu/libnss_files-2.23.so
7f330cd4c000-7f330cd4d000 rw-p 0000b000 08:01 1708668                    /lib/x86_64-linux-gnu/libnss_files-2.23.so
7f330cd4d000-7f330cd53000 rw-p 00000000 00:00 0 
7f330cd53000-7f330cd5e000 r-xp 00000000 08:01 1723520                    /lib/x86_64-linux-gnu/libnss_nis-2.23.so
7f330cd5e000-7f330cf5d000 ---p 0000b000 08:01 1723520                    /lib/x86_64-linux-gnu/libnss_nis-2.23.so
7f330cf5d000-7f330cf5e000 r--p 0000a000 08:01 1723520                    /lib/x86_64-linux-gnu/libnss_nis-2.23.so
7f330cf5e000-7f330cf5f000 rw-p 0000b000 08:01 1723520                    /lib/x86_64-linux-gnu/libnss_nis-2.23.so
7f330cf5f000-7f330cf75000 r-xp 00000000 08:01 1708589                    /lib/x86_64-linux-gnu/libnsl-2.23.so
7f330cf75000-7f330d174000 ---p 00016000 08:01 1708589                    /lib/x86_64-linux-gnu/libnsl-2.23.so
7f330d174000-7f330d175000 r--p 00015000 08:01 1708589                    /lib/x86_64-linux-gnu/libnsl-2.23.so
7f330d175000-7f330d176000 rw-p 00016000 08:01 1708589                    /lib/x86_64-linux-gnu/libnsl-2.23.so
7f330d176000-7f330d178000 rw-p 00000000 00:00 0 
7f330d178000-7f330d180000 r-xp 00000000 08:01 1708640                    /lib/x86_64-linux-gnu/libnss_compat-2.23.so
7f330d180000-7f330d37f000 ---p 00008000 08:01 1708640                    /lib/x86_64-linux-gnu/libnss_compat-2.23.so
7f330d37f000-7f330d380000 r--p 00007000 08:01 1708640                    /lib/x86_64-linux-gnu/libnss_compat-2.23.so
7f330d380000-7f330d381000 rw-p 00008000 08:01 1708640                    /lib/x86_64-linux-gnu/libnss_compat-2.23.so
7f330d381000-7f330d3ac000 r-xp 00000000 08:01 1347329                    /opt/java/jdk1.8.0_162/jre/lib/amd64/libjava.so
7f330d3ac000-7f330d5ab000 ---p 0002b000 08:01 1347329                    /opt/java/jdk1.8.0_162/jre/lib/amd64/libjava.so
7f330d5ab000-7f330d5ad000 rw-p 0002a000 08:01 1347329                    /opt/java/jdk1.8.0_162/jre/lib/amd64/libjava.so
7f330d5ad000-7f330d5ba000 r-xp 00000000 08:01 1347334                    /opt/java/jdk1.8.0_162/jre/lib/amd64/libverify.so
7f330d5ba000-7f330d7ba000 ---p 0000d000 08:01 1347334                    /opt/java/jdk1.8.0_162/jre/lib/amd64/libverify.so
7f330d7ba000-7f330d7bc000 rw-p 0000d000 08:01 1347334                    /opt/java/jdk1.8.0_162/jre/lib/amd64/libverify.so
7f330d7bc000-7f330d7c3000 r-xp 00000000 08:01 1723522                    /lib/x86_64-linux-gnu/librt-2.23.so
7f330d7c3000-7f330d9c2000 ---p 00007000 08:01 1723522                    /lib/x86_64-linux-gnu/librt-2.23.so
7f330d9c2000-7f330d9c3000 r--p 00006000 08:01 1723522                    /lib/x86_64-linux-gnu/librt-2.23.so
7f330d9c3000-7f330d9c4000 rw-p 00007000 08:01 1723522                    /lib/x86_64-linux-gnu/librt-2.23.so
7f330d9c4000-7f330dacc000 r-xp 00000000 08:01 1708571                    /lib/x86_64-linux-gnu/libm-2.23.so
7f330dacc000-7f330dccb000 ---p 00108000 08:01 1708571                    /lib/x86_64-linux-gnu/libm-2.23.so
7f330dccb000-7f330dccc000 r--p 00107000 08:01 1708571                    /lib/x86_64-linux-gnu/libm-2.23.so
7f330dccc000-7f330dccd000 rw-p 00108000 08:01 1708571                    /lib/x86_64-linux-gnu/libm-2.23.so
7f330dccd000-7f330e9a6000 r-xp 00000000 08:01 1347357                    /opt/java/jdk1.8.0_162/jre/lib/amd64/server/libjvm.so
7f330e9a6000-7f330eba5000 ---p 00cd9000 08:01 1347357                    /opt/java/jdk1.8.0_162/jre/lib/amd64/server/libjvm.so
7f330eba5000-7f330ec7f000 rw-p 00cd8000 08:01 1347357                    /opt/java/jdk1.8.0_162/jre/lib/amd64/server/libjvm.so
7f330ec7f000-7f330ecca000 rw-p 00000000 00:00 0 
7f330ecca000-7f330ee8a000 r-xp 00000000 08:01 1708602                    /lib/x86_64-linux-gnu/libc-2.23.so
7f330ee8a000-7f330f08a000 ---p 001c0000 08:01 1708602                    /lib/x86_64-linux-gnu/libc-2.23.so
7f330f08a000-7f330f08e000 r--p 001c0000 08:01 1708602                    /lib/x86_64-linux-gnu/libc-2.23.so
7f330f08e000-7f330f090000 rw-p 001c4000 08:01 1708602                    /lib/x86_64-linux-gnu/libc-2.23.so
7f330f090000-7f330f094000 rw-p 00000000 00:00 0 
7f330f094000-7f330f097000 r-xp 00000000 08:01 1708621                    /lib/x86_64-linux-gnu/libdl-2.23.so
7f330f097000-7f330f296000 ---p 00003000 08:01 1708621                    /lib/x86_64-linux-gnu/libdl-2.23.so
7f330f296000-7f330f297000 r--p 00002000 08:01 1708621                    /lib/x86_64-linux-gnu/libdl-2.23.so
7f330f297000-7f330f298000 rw-p 00003000 08:01 1708621                    /lib/x86_64-linux-gnu/libdl-2.23.so
7f330f298000-7f330f2ae000 r-xp 00000000 08:01 1343600                    /opt/java/jdk1.8.0_162/lib/amd64/jli/libjli.so
7f330f2ae000-7f330f4ad000 ---p 00016000 08:01 1343600                    /opt/java/jdk1.8.0_162/lib/amd64/jli/libjli.so
7f330f4ad000-7f330f4ae000 rw-p 00015000 08:01 1343600                    /opt/java/jdk1.8.0_162/lib/amd64/jli/libjli.so
7f330f4ae000-7f330f4c6000 r-xp 00000000 08:01 1708596                    /lib/x86_64-linux-gnu/libpthread-2.23.so
7f330f4c6000-7f330f6c5000 ---p 00018000 08:01 1708596                    /lib/x86_64-linux-gnu/libpthread-2.23.so
7f330f6c5000-7f330f6c6000 r--p 00017000 08:01 1708596                    /lib/x86_64-linux-gnu/libpthread-2.23.so
7f330f6c6000-7f330f6c7000 rw-p 00018000 08:01 1708596                    /lib/x86_64-linux-gnu/libpthread-2.23.so
7f330f6c7000-7f330f6cb000 rw-p 00000000 00:00 0 
7f330f6cb000-7f330f6f1000 r-xp 00000000 08:01 1708592                    /lib/x86_64-linux-gnu/ld-2.23.so
7f330f6f1000-7f330f6fd000 r--s 0007d000 08:05 4728887                    /home/esu/netbeans-8.2/java/maven/lib/maven-core-3.0.5.jar
7f330f6fd000-7f330f7c2000 rw-p 00000000 00:00 0 
7f330f7c2000-7f330f7c5000 ---p 00000000 00:00 0 
7f330f7c5000-7f330f8c7000 rw-p 00000000 00:00 0 
7f330f8c7000-7f330f8c9000 r--s 0000c000 08:05 4728839                    /home/esu/netbeans-8.2/java/maven/lib/maven-aether-provider-3.0.5.jar
7f330f8c9000-7f330f8cf000 r--s 0003f000 08:05 4728878                    /home/esu/netbeans-8.2/java/maven/lib/maven-compat-3.0.5.jar
7f330f8cf000-7f330f8d1000 r--s 0000a000 08:05 4728857                    /home/esu/netbeans-8.2/java/maven/boot/plexus-classworlds-2.4.jar
7f330f8d1000-7f330f8e5000 rw-p 00000000 00:00 0 
7f330f8e5000-7f330f8ed000 rw-s 00000000 08:01 537173                     /tmp/hsperfdata_esu/11752
7f330f8ed000-7f330f8ee000 rw-p 00000000 00:00 0 
7f330f8ee000-7f330f8ef000 r--p 00000000 00:00 0 
7f330f8ef000-7f330f8f0000 rw-p 00000000 00:00 0 
7f330f8f0000-7f330f8f1000 r--p 00025000 08:01 1708592                    /lib/x86_64-linux-gnu/ld-2.23.so
7f330f8f1000-7f330f8f2000 rw-p 00026000 08:01 1708592                    /lib/x86_64-linux-gnu/ld-2.23.so
7f330f8f2000-7f330f8f3000 rw-p 00000000 00:00 0 
7fff60942000-7fff60963000 rw-p 00000000 00:00 0                          [stack]
7fff6096f000-7fff60971000 r--p 00000000 00:00 0                          [vvar]
7fff60971000-7fff60973000 r-xp 00000000 00:00 0                          [vdso]
ffffffffff600000-ffffffffff601000 r-xp 00000000 00:00 0                  [vsyscall]

VM Arguments:
jvm_args: -Dclassworlds.conf=/home/esu/netbeans-8.2/java/maven/bin/m2.conf -Dmaven.home=/home/esu/netbeans-8.2/java/maven 
java_command: org.codehaus.plexus.classworlds.launcher.Launcher -Dmaven.ext.class.path=/home/esu/netbeans-8.2/java/maven-nblib/netbeans-eventspy.jar clean install
java_class_path (initial): /home/esu/netbeans-8.2/java/maven/boot/plexus-classworlds-2.4.jar
Launcher Type: SUN_STANDARD

Environment Variables:
JAVA_HOME=/opt/java/jdk1.8.0_162
PATH=/usr/local/sbin:/usr/local/bin:/usr/sbin:/usr/bin:/sbin:/bin:/usr/games:/usr/local/games:/usr/lib/jvm/java-8-oracle/bin:/usr/lib/jvm/java-8-oracle/db/bin:/usr/lib/jvm/java-8-oracle/jre/bin
USERNAME=esu
LD_LIBRARY_PATH=/opt/java/jdk1.8.0_162/jre/lib/amd64:/opt/java/jdk1.8.0_162/jre/lib/i386:
SHELL=/bin/bash
DISPLAY=:0.0

Signal Handlers:
SIGSEGV: [libjvm.so+0xad03c0], sa_mask[0]=11111111011111111101111111111110, sa_flags=SA_RESTART|SA_SIGINFO
SIGBUS: [libjvm.so+0xad03c0], sa_mask[0]=11111111011111111101111111111110, sa_flags=SA_RESTART|SA_SIGINFO
SIGFPE: [libjvm.so+0x928210], sa_mask[0]=11111111011111111101111111111110, sa_flags=SA_RESTART|SA_SIGINFO
SIGPIPE: [libjvm.so+0x928210], sa_mask[0]=11111111011111111101111111111110, sa_flags=SA_RESTART|SA_SIGINFO
SIGXFSZ: [libjvm.so+0x928210], sa_mask[0]=11111111011111111101111111111110, sa_flags=SA_RESTART|SA_SIGINFO
SIGILL: [libjvm.so+0x928210], sa_mask[0]=11111111011111111101111111111110, sa_flags=SA_RESTART|SA_SIGINFO
SIGUSR1: SIG_DFL, sa_mask[0]=00000000000000000000000000000000, sa_flags=none
SIGUSR2: [libjvm.so+0x929a70], sa_mask[0]=00100000000000000000000000000000, sa_flags=SA_RESTART|SA_SIGINFO
SIGHUP: [libjvm.so+0x92ae70], sa_mask[0]=11111111011111111101111111111110, sa_flags=SA_RESTART|SA_SIGINFO
SIGINT: SIG_IGN, sa_mask[0]=00000000000000000000000000000000, sa_flags=none
SIGTERM: [libjvm.so+0x92ae70], sa_mask[0]=11111111011111111101111111111110, sa_flags=SA_RESTART|SA_SIGINFO
SIGQUIT: [libjvm.so+0x92ae70], sa_mask[0]=11111111011111111101111111111110, sa_flags=SA_RESTART|SA_SIGINFO


---------------  S Y S T E M  ---------------

OS:DISTRIB_ID=LinuxMint
DISTRIB_RELEASE=18
DISTRIB_CODENAME=sarah
DISTRIB_DESCRIPTION="Linux Mint 18 Sarah"

uname:Linux 4.4.0-96-generic #119-Ubuntu SMP Tue Sep 12 14:59:54 UTC 2017 x86_64
libc:glibc 2.23 NPTL 2.23 
rlimit: STACK 8192k, CORE 0k, NPROC 15637, NOFILE 1048576, AS infinity
load average:0.08 0.15 0.08

/proc/meminfo:
MemTotal:        4045204 kB
MemFree:          134216 kB
MemAvailable:     498020 kB
Buffers:           37512 kB
Cached:           602132 kB
SwapCached:        80384 kB
Active:          2356952 kB
Inactive:        1270652 kB
Active(anon):    2082748 kB
Inactive(anon):   999360 kB
Active(file):     274204 kB
Inactive(file):   271292 kB
Unevictable:          64 kB
Mlocked:              64 kB
SwapTotal:       9765620 kB
SwapFree:        9025024 kB
Dirty:               360 kB
Writeback:            24 kB
AnonPages:       2966700 kB
Mapped:           306548 kB
Shmem:             94108 kB
Slab:              95820 kB
SReclaimable:      49008 kB
SUnreclaim:        46812 kB
KernelStack:       13264 kB
PageTables:        55200 kB
NFS_Unstable:          0 kB
Bounce:                0 kB
WritebackTmp:          0 kB
CommitLimit:    11788220 kB
Committed_AS:    9890136 kB
VmallocTotal:   34359738367 kB
VmallocUsed:           0 kB
VmallocChunk:          0 kB
HardwareCorrupted:     0 kB
AnonHugePages:   1124352 kB
CmaTotal:              0 kB
CmaFree:               0 kB
HugePages_Total:       0
HugePages_Free:        0
HugePages_Rsvd:        0
HugePages_Surp:        0
Hugepagesize:       2048 kB
DirectMap4k:      324544 kB
DirectMap2M:     3868672 kB


CPU:total 2 (initial active 2) (2 cores per cpu, 1 threads per core) family 6 model 23 stepping 10, cmov, cx8, fxsr, mmx, sse, sse2, sse3, ssse3, sse4.1, tsc

/proc/cpuinfo:
processor	: 0
vendor_id	: GenuineIntel
cpu family	: 6
model		: 23
model name	: Intel(R) Core(TM)2 Duo CPU     E8400  @ 3.00GHz
stepping	: 10
microcode	: 0xa0b
cpu MHz		: 3996.000
cache size	: 6144 KB
physical id	: 0
siblings	: 2
core id		: 0
cpu cores	: 2
apicid		: 0
initial apicid	: 0
fpu		: yes
fpu_exception	: yes
cpuid level	: 13
wp		: yes
flags		: fpu vme de pse tsc msr pae mce cx8 apic sep mtrr pge mca cmov pat pse36 clflush dts acpi mmx fxsr sse sse2 ss ht tm pbe syscall nx lm constant_tsc arch_perfmon pebs bts rep_good nopl aperfmperf pni dtes64 monitor ds_cpl vmx smx est tm2 ssse3 cx16 xtpr pdcm sse4_1 xsave lahf_lm tpr_shadow vnmi flexpriority dtherm
bugs		:
bogomips	: 7996.21
clflush size	: 64
cache_alignment	: 64
address sizes	: 36 bits physical, 48 bits virtual
power management:

processor	: 1
vendor_id	: GenuineIntel
cpu family	: 6
model		: 23
model name	: Intel(R) Core(TM)2 Duo CPU     E8400  @ 3.00GHz
stepping	: 10
microcode	: 0xa0b
cpu MHz		: 3996.000
cache size	: 6144 KB
physical id	: 0
siblings	: 2
core id		: 1
cpu cores	: 2
apicid		: 1
initial apicid	: 1
fpu		: yes
fpu_exception	: yes
cpuid level	: 13
wp		: yes
flags		: fpu vme de pse tsc msr pae mce cx8 apic sep mtrr pge mca cmov pat pse36 clflush dts acpi mmx fxsr sse sse2 ss ht tm pbe syscall nx lm constant_tsc arch_perfmon pebs bts rep_good nopl aperfmperf pni dtes64 monitor ds_cpl vmx smx est tm2 ssse3 cx16 xtpr pdcm sse4_1 xsave lahf_lm tpr_shadow vnmi flexpriority dtherm
bugs		:
bogomips	: 7996.21
clflush size	: 64
cache_alignment	: 64
address sizes	: 36 bits physical, 48 bits virtual
power management:



Memory: 4k page, physical 4045204k(134216k free), swap 9765620k(9025024k free)

vm_info: Java HotSpot(TM) 64-Bit Server VM (25.162-b12) for linux-amd64 JRE (1.8.0_162-b12), built on Dec 19 2017 21:15:48 by "java_re" with gcc 4.3.0 20080428 (Red Hat 4.3.0-8)

time: Sun May  6 17:13:27 2018
elapsed time: 3 seconds (0d 0h 0m 3s)

