#
# A fatal error has been detected by the Java Runtime Environment:
#
#  SIGSEGV (0xb) at pc=0x00007efc02005020, pid=8588, tid=0x00007efc5761e700
#
# JRE version: Java(TM) SE Runtime Environment (8.0_162-b12) (build 1.8.0_162-b12)
# Java VM: Java HotSpot(TM) 64-Bit Server VM (25.162-b12 mixed mode linux-amd64 compressed oops)
# Problematic frame:
# C  0x00007efc02005020
#
# Failed to write core dump. Core dumps have been disabled. To enable core dumping, try "ulimit -c unlimited" before starting Java again
#
# If you would like to submit a bug report, please visit:
#   http://bugreport.java.com/bugreport/crash.jsp
#

---------------  T H R E A D  ---------------

Current thread (0x00007efc5000a800):  JavaThread "main" [_thread_in_Java, id=8590, stack(0x00007efc5751e000,0x00007efc5761f000)]

siginfo: si_signo: 11 (SIGSEGV), si_code: 1 (SEGV_MAPERR), si_addr: 0x00007efc02005020

Registers:
RAX=0x00000000eb9c6ce0, RBX=0x00000000ffffffff, RCX=0x00000000eb9c6ce0, RDX=0x00000000ec6fa290
RSP=0x00007efc5761bdb8, RBP=0x0000000000000002, RSI=0x00000000ec6f95c8, RDI=0x0000000000000000
R8 =0x0000000000000000, R9 =0x00000000ec6f95c8, R10=0x00000000eb9c6ce0, R11=0x00000000ec6fa290
R12=0x0000000000000000, R13=0x00000000ec688ab8, R14=0x0000000000000000, R15=0x00007efc5000a800
RIP=0x00007efc02005020, EFLAGS=0x0000000000010246, CSGSFS=0x0000000000000033, ERR=0x0000000000000014
  TRAPNO=0x000000000000000e

Top of Stack: (sp=0x00007efc5761bdb8)
0x00007efc5761bdb8:   00007efc4124b684 ffffffff00000001
0x00007efc5761bdc8:   0000000000000000 00000000ec688ab8
0x00007efc5761bdd8:   0000000000000007 00000000eb9c6cb0
0x00007efc5761bde8:   ec688ab8ec688ab8 00000000ec688ab8
0x00007efc5761bdf8:   00000000ec688ab8 00000000eb9c6cc8
0x00007efc5761be08:   00000000ec688a88 00000000ec688ab8
0x00007efc5761be18:   00000000eb9c6cc8 0000000000000000
0x00007efc5761be28:   00000000eb9c6ce0 ec6f95c8ec6fa290
0x00007efc5761be38:   00000000ec6fa290 00000000ec6f95c8
0x00007efc5761be48:   00007efc4085fc28 0000000000000009
0x00007efc5761be58:   0000000000000000 0000000000000000
0x00007efc5761be68:   0000000000000000 00007efc41243050
0x00007efc5761be78:   00007efc5761c1b8 00007efc5761c200
0x00007efc5761be88:   00007efc41208fa4 000000000000037f
0x00007efc5761be98:   0000000000000000 0000000000000000
0x00007efc5761bea8:   0000ffff00001fa0 0000000000000000
0x00007efc5761beb8:   0000000000000000 00007efc5761c200
0x00007efc5761bec8:   00007efc4120d62c 0000000000000000
0x00007efc5761bed8:   0000000000000000 0000000000000000
0x00007efc5761bee8:   0000000000000000 0000000000000000
0x00007efc5761bef8:   0000000000000000 00007efc5761c200
0x00007efc5761bf08:   00007efc4120d27c 0000000000000000
0x00007efc5761bf18:   0000000000000000 0000000000000000
0x00007efc5761bf28:   0000000000000000 4059000000000000
0x00007efc5761bf38:   00000000eb9c6cb0 4022000000000000
0x00007efc5761bf48:   0000000000000000 00007efc5761c200
0x00007efc5761bf58:   00007efc412095cc 3ff0000000000000
0x00007efc5761bf68:   0000000000000000 0a0d3e746e656d65
0x00007efc5761bf78:   0000000000000000 2020202020202020
0x00007efc5761bf88:   0000000000000000 646c6569662f3c72
0x00007efc5761bf98:   0000000000000000 67756c703e656d61
0x00007efc5761bfa8:   0000000000000000 0000000000000000 

Instructions: (pc=0x00007efc02005020)
0x00007efc02005000:   
[error occurred during error reporting (printing registers, top of stack, instructions near pc), id 0xb]

Register to memory mapping:

RAX=0x00000000eb9c6ce0 is an oop
java.nio.HeapCharBuffer 
 - klass: 'java/nio/HeapCharBuffer'
RBX=0x00000000ffffffff is an unallocated location in the heap
RCX=0x00000000eb9c6ce0 is an oop
java.nio.HeapCharBuffer 
 - klass: 'java/nio/HeapCharBuffer'
RDX=0x00000000ec6fa290 is an oop
java.nio.HeapByteBuffer 
 - klass: 'java/nio/HeapByteBuffer'
RSP=0x00007efc5761bdb8 is pointing into the stack for thread: 0x00007efc5000a800
RBP=0x0000000000000002 is an unknown value
RSI=0x00000000ec6f95c8 is an oop
sun.nio.cs.UTF_8$Decoder 
 - klass: 'sun/nio/cs/UTF_8$Decoder'
RDI=0x0000000000000000 is an unknown value
R8 =0x0000000000000000 is an unknown value
R9 =0x00000000ec6f95c8 is an oop
sun.nio.cs.UTF_8$Decoder 
 - klass: 'sun/nio/cs/UTF_8$Decoder'
R10=0x00000000eb9c6ce0 is an oop
java.nio.HeapCharBuffer 
 - klass: 'java/nio/HeapCharBuffer'
R11=0x00000000ec6fa290 is an oop
java.nio.HeapByteBuffer 
 - klass: 'java/nio/HeapByteBuffer'
R12=0x0000000000000000 is an unknown value
R13=0x00000000ec688ab8 is an oop
java.io.InputStreamReader 
 - klass: 'java/io/InputStreamReader'
R14=0x0000000000000000 is an unknown value
R15=0x00007efc5000a800 is a thread


Stack: [0x00007efc5751e000,0x00007efc5761f000],  sp=0x00007efc5761bdb8,  free space=1015k
Native frames: (J=compiled Java code, j=interpreted, Vv=VM code, C=native code)
C  0x00007efc02005020


---------------  P R O C E S S  ---------------

Java Threads: ( => current thread )
  0x00007efc500c5000 JavaThread "Service Thread" daemon [_thread_blocked, id=8599, stack(0x00007efc38e38000,0x00007efc38f39000)]
  0x00007efc500b8000 JavaThread "C1 CompilerThread1" daemon [_thread_blocked, id=8598, stack(0x00007efc38f39000,0x00007efc3903a000)]
  0x00007efc500b5800 JavaThread "C2 CompilerThread0" daemon [_thread_in_native, id=8597, stack(0x00007efc3903a000,0x00007efc3913b000)]
  0x00007efc500b4000 JavaThread "Signal Dispatcher" daemon [_thread_blocked, id=8596, stack(0x00007efc3913b000,0x00007efc3923c000)]
  0x00007efc50080800 JavaThread "Finalizer" daemon [_thread_blocked, id=8595, stack(0x00007efc39514000,0x00007efc39615000)]
  0x00007efc5007c000 JavaThread "Reference Handler" daemon [_thread_blocked, id=8594, stack(0x00007efc39615000,0x00007efc39716000)]
=>0x00007efc5000a800 JavaThread "main" [_thread_in_Java, id=8590, stack(0x00007efc5751e000,0x00007efc5761f000)]

Other Threads:
  0x00007efc50074000 VMThread [stack: 0x00007efc39716000,0x00007efc39817000] [id=8593]
  0x00007efc500ca000 WatcherThread [stack: 0x00007efc38d37000,0x00007efc38e38000] [id=8600]

VM state:not at safepoint (normal execution)

VM Mutex/Monitor currently owned by a thread: None

Heap:
 PSYoungGen      total 18432K, used 5573K [0x00000000eb700000, 0x00000000edb00000, 0x0000000100000000)
  eden space 15872K, 19% used [0x00000000eb700000,0x00000000eb9f2730,0x00000000ec680000)
  from space 2560K, 99% used [0x00000000ec680000,0x00000000ec8ff0a8,0x00000000ec900000)
  to   space 2560K, 0% used [0x00000000ed880000,0x00000000ed880000,0x00000000edb00000)
 ParOldGen       total 42496K, used 689K [0x00000000c2400000, 0x00000000c4d80000, 0x00000000eb700000)
  object space 42496K, 1% used [0x00000000c2400000,0x00000000c24ac6a8,0x00000000c4d80000)
 Metaspace       used 6898K, capacity 7068K, committed 7296K, reserved 1056768K
  class space    used 840K, capacity 888K, committed 896K, reserved 1048576K

Card table byte_map: [0x00007efc540d2000,0x00007efc542c1000] byte_map_base: 0x00007efc53ac0000

Marking Bits: (ParMarkBitMap*) 0x00007efc569f8ca0
 Begin Bits: [0x00007efc3a120000, 0x00007efc3b090000)
 End Bits:   [0x00007efc3b090000, 0x00007efc3c000000)

Polling page: 0x00007efc5764a000

CodeCache: size=245760Kb used=2397Kb max_used=2409Kb free=243362Kb
 bounds [0x00007efc41000000, 0x00007efc41270000, 0x00007efc50000000]
 total_blobs=764 nmethods=493 adapters=187
 compilation: enabled

Compilation events (10 events):
Event: 0.366 Thread 0x00007efc500b5800  486       4       sun.nio.cs.UTF_8$Decoder::decodeArrayLoop (691 bytes)
Event: 0.366 Thread 0x00007efc500b8000 nmethod 494 0x00007efc41243a90 code [0x00007efc41243c60, 0x00007efc412440b8]
Event: 0.367 Thread 0x00007efc500b8000  495       3       org.codehaus.plexus.util.xml.pull.MXParser::nextImpl (1190 bytes)
Event: 0.370 Thread 0x00007efc500b8000 nmethod 495 0x00007efc41252ad0 code [0x00007efc412530c0, 0x00007efc41257168]
Event: 0.370 Thread 0x00007efc500b8000  496       2       java.util.ArrayList::<init> (12 bytes)
Event: 0.370 Thread 0x00007efc500b8000 nmethod 496 0x00007efc41243750 code [0x00007efc412438a0, 0x00007efc41243a10]
Event: 0.371 Thread 0x00007efc500b8000  497 %     3       org.codehaus.plexus.util.InterpolationFilterReader::read @ 3 (48 bytes)
Event: 0.371 Thread 0x00007efc500b8000 nmethod 497% 0x00007efc41243050 code [0x00007efc412431e0, 0x00007efc412435a8]
Event: 0.371 Thread 0x00007efc500b8000  498       3       org.codehaus.plexus.util.InterpolationFilterReader::read (48 bytes)
Event: 0.371 Thread 0x00007efc500b8000 nmethod 498 0x00007efc41246410 code [0x00007efc412465a0, 0x00007efc412468e8]

GC Heap History (2 events):
Event: 0.335 GC heap before
{Heap before GC invocations=1 (full 0):
 PSYoungGen      total 18432K, used 15872K [0x00000000eb700000, 0x00000000ecb80000, 0x0000000100000000)
  eden space 15872K, 100% used [0x00000000eb700000,0x00000000ec680000,0x00000000ec680000)
  from space 2560K, 0% used [0x00000000ec900000,0x00000000ec900000,0x00000000ecb80000)
  to   space 2560K, 0% used [0x00000000ec680000,0x00000000ec680000,0x00000000ec900000)
 ParOldGen       total 42496K, used 0K [0x00000000c2400000, 0x00000000c4d80000, 0x00000000eb700000)
  object space 42496K, 0% used [0x00000000c2400000,0x00000000c2400000,0x00000000c4d80000)
 Metaspace       used 6763K, capacity 6876K, committed 7040K, reserved 1056768K
  class space    used 821K, capacity 888K, committed 896K, reserved 1048576K
Event: 0.339 GC heap after
Heap after GC invocations=1 (full 0):
 PSYoungGen      total 18432K, used 2556K [0x00000000eb700000, 0x00000000edb00000, 0x0000000100000000)
  eden space 15872K, 0% used [0x00000000eb700000,0x00000000eb700000,0x00000000ec680000)
  from space 2560K, 99% used [0x00000000ec680000,0x00000000ec8ff0a8,0x00000000ec900000)
  to   space 2560K, 0% used [0x00000000ed880000,0x00000000ed880000,0x00000000edb00000)
 ParOldGen       total 42496K, used 689K [0x00000000c2400000, 0x00000000c4d80000, 0x00000000eb700000)
  object space 42496K, 1% used [0x00000000c2400000,0x00000000c24ac6a8,0x00000000c4d80000)
 Metaspace       used 6763K, capacity 6876K, committed 7040K, reserved 1056768K
  class space    used 821K, capacity 888K, committed 896K, reserved 1048576K
}

Deoptimization events (0 events):
No events

Classes redefined (0 events):
No events

Internal exceptions (10 events):
Event: 0.141 Thread 0x00007efc5000a800 Exception <a 'java/security/PrivilegedActionException'> (0x00000000eb999050) thrown at [/HUDSON/workspace/8-2-build-linux-amd64/jdk8u162/10278/hotspot/src/share/vm/prims/jvm.cpp, line 1390]
Event: 0.141 Thread 0x00007efc5000a800 Exception <a 'java/security/PrivilegedActionException'> (0x00000000eb999260) thrown at [/HUDSON/workspace/8-2-build-linux-amd64/jdk8u162/10278/hotspot/src/share/vm/prims/jvm.cpp, line 1390]
Event: 0.141 Thread 0x00007efc5000a800 Exception <a 'java/security/PrivilegedActionException'> (0x00000000eb99b720) thrown at [/HUDSON/workspace/8-2-build-linux-amd64/jdk8u162/10278/hotspot/src/share/vm/prims/jvm.cpp, line 1390]
Event: 0.141 Thread 0x00007efc5000a800 Exception <a 'java/security/PrivilegedActionException'> (0x00000000eb99b930) thrown at [/HUDSON/workspace/8-2-build-linux-amd64/jdk8u162/10278/hotspot/src/share/vm/prims/jvm.cpp, line 1390]
Event: 0.237 Thread 0x00007efc5000a800 Exception <a 'java/lang/ArrayIndexOutOfBoundsException': 18> (0x00000000ec030520) thrown at [/HUDSON/workspace/8-2-build-linux-amd64/jdk8u162/10278/hotspot/src/share/vm/interpreter/interpreterRuntime.cpp, line 366]
Event: 0.238 Thread 0x00007efc5000a800 Exception <a 'java/lang/ArrayIndexOutOfBoundsException': 43> (0x00000000ec0313c0) thrown at [/HUDSON/workspace/8-2-build-linux-amd64/jdk8u162/10278/hotspot/src/share/vm/interpreter/interpreterRuntime.cpp, line 366]
Event: 0.238 Thread 0x00007efc5000a800 Exception <a 'java/lang/ArrayIndexOutOfBoundsException': 92> (0x00000000ec032c58) thrown at [/HUDSON/workspace/8-2-build-linux-amd64/jdk8u162/10278/hotspot/src/share/vm/interpreter/interpreterRuntime.cpp, line 366]
Event: 0.269 Thread 0x00007efc5000a800 Exception <a 'java/lang/ArrayIndexOutOfBoundsException'> (0x00000000ec259558) thrown at [/HUDSON/workspace/8-2-build-linux-amd64/jdk8u162/10278/hotspot/src/share/vm/runtime/sharedRuntime.cpp, line 605]
Event: 0.269 Thread 0x00007efc5000a800 Exception <a 'java/lang/ArrayIndexOutOfBoundsException'> (0x00000000ec25ac80) thrown at [/HUDSON/workspace/8-2-build-linux-amd64/jdk8u162/10278/hotspot/src/share/vm/runtime/sharedRuntime.cpp, line 605]
Event: 0.274 Thread 0x00007efc5000a800 Exception <a 'java/lang/ArrayIndexOutOfBoundsException'> (0x00000000ec2b7220) thrown at [/HUDSON/workspace/8-2-build-linux-amd64/jdk8u162/10278/hotspot/src/share/vm/runtime/sharedRuntime.cpp, line 605]

Events (10 events):
Event: 0.370 loading class org/apache/maven/plugin/MavenPluginManager
Event: 0.370 loading class org/apache/maven/plugin/MavenPluginManager done
Event: 0.371 loading class org/apache/maven/plugin/internal/PluginDependenciesResolver
Event: 0.371 loading class org/apache/maven/plugin/internal/PluginDependenciesResolver done
Event: 0.371 loading class org/apache/maven/plugin/internal/PluginDependenciesResolver
Event: 0.371 loading class org/apache/maven/plugin/internal/PluginDependenciesResolver done
Event: 0.371 loading class org/apache/maven/plugin/PluginManager
Event: 0.371 loading class org/apache/maven/plugin/PluginManager done
Event: 0.371 loading class org/apache/maven/plugin/PluginManager
Event: 0.371 loading class org/apache/maven/plugin/PluginManager done


Dynamic libraries:
00400000-00401000 r-xp 00000000 08:01 1330267                            /opt/java/jdk1.8.0_162/bin/java
00600000-00601000 rw-p 00000000 08:01 1330267                            /opt/java/jdk1.8.0_162/bin/java
00f73000-00f94000 rw-p 00000000 00:00 0                                  [heap]
c2400000-c4d80000 rw-p 00000000 00:00 0 
c4d80000-eb700000 ---p 00000000 00:00 0 
eb700000-edb00000 rw-p 00000000 00:00 0 
edb00000-100000000 ---p 00000000 00:00 0 
100000000-1000e0000 rw-p 00000000 00:00 0 
1000e0000-140000000 ---p 00000000 00:00 0 
7efc14000000-7efc14021000 rw-p 00000000 00:00 0 
7efc14021000-7efc18000000 ---p 00000000 00:00 0 
7efc18000000-7efc18021000 rw-p 00000000 00:00 0 
7efc18021000-7efc1c000000 ---p 00000000 00:00 0 
7efc1c000000-7efc1c22a000 rw-p 00000000 00:00 0 
7efc1c22a000-7efc20000000 ---p 00000000 00:00 0 
7efc20000000-7efc2038f000 rw-p 00000000 00:00 0 
7efc2038f000-7efc24000000 ---p 00000000 00:00 0 
7efc24000000-7efc24021000 rw-p 00000000 00:00 0 
7efc24021000-7efc28000000 ---p 00000000 00:00 0 
7efc28000000-7efc28021000 rw-p 00000000 00:00 0 
7efc28021000-7efc2c000000 ---p 00000000 00:00 0 
7efc2c000000-7efc2c021000 rw-p 00000000 00:00 0 
7efc2c021000-7efc30000000 ---p 00000000 00:00 0 
7efc30000000-7efc30021000 rw-p 00000000 00:00 0 
7efc30021000-7efc34000000 ---p 00000000 00:00 0 
7efc34000000-7efc34021000 rw-p 00000000 00:00 0 
7efc34021000-7efc38000000 ---p 00000000 00:00 0 
7efc38ce3000-7efc38ce5000 r--s 0000d000 08:05 4728872                    /home/esu/netbeans-8.2/java/maven-nblib/netbeans-eventspy.jar
7efc38ce5000-7efc38ce9000 r--s 00021000 08:05 4728845                    /home/esu/netbeans-8.2/java/maven/lib/maven-model-builder-3.0.5.jar
7efc38ce9000-7efc38ceb000 r--s 00006000 08:05 4728831                    /home/esu/netbeans-8.2/java/maven/lib/maven-repository-metadata-3.0.5.jar
7efc38ceb000-7efc38ced000 r--s 0000a000 08:05 4728868                    /home/esu/netbeans-8.2/java/maven/lib/maven-settings-3.0.5.jar
7efc38ced000-7efc38cef000 r--s 00002000 08:05 4728881                    /home/esu/netbeans-8.2/java/maven/lib/plexus-cipher-1.7.jar
7efc38cef000-7efc38cf2000 r--s 0001d000 08:05 4728876                    /home/esu/netbeans-8.2/java/maven/lib/aether-impl-1.13.1.jar
7efc38cf2000-7efc38cf3000 r--s 00006000 08:05 4728846                    /home/esu/netbeans-8.2/java/maven/lib/plexus-sec-dispatcher-1.3.jar
7efc38cf3000-7efc38cf5000 r--s 0000b000 08:05 4728861                    /home/esu/netbeans-8.2/java/maven/lib/maven-plugin-api-3.0.5.jar
7efc38cf5000-7efc38cfd000 r--s 00050000 08:05 4728854                    /home/esu/netbeans-8.2/java/maven/lib/sisu-guice-3.1.0-no_aop.jar
7efc38cfd000-7efc38cfe000 r--s 0000a000 08:05 4728867                    /home/esu/netbeans-8.2/java/maven/lib/maven-embedder-3.0.5.jar
7efc38cfe000-7efc38d00000 r--s 00006000 08:05 4728836                    /home/esu/netbeans-8.2/java/maven/lib/aether-connector-wagon-1.13.1.jar
7efc38d00000-7efc38d04000 r--s 00013000 08:05 4728882                    /home/esu/netbeans-8.2/java/maven/lib/aether-api-1.13.1.jar
7efc38d04000-7efc38d06000 r--s 0000b000 08:05 4728855                    /home/esu/netbeans-8.2/java/maven/lib/wagon-provider-api-2.10.jar
7efc38d06000-7efc38d25000 r--s 00154000 08:05 4728888                    /home/esu/netbeans-8.2/java/maven/lib/sisu-guava-0.9.9.jar
7efc38d25000-7efc38d29000 r--s 0001c000 08:05 4728877                    /home/esu/netbeans-8.2/java/maven/lib/aether-util-1.13.1.jar
7efc38d29000-7efc38d30000 r--s 0003f000 08:05 4728862                    /home/esu/netbeans-8.2/java/maven/lib/sisu-inject-bean-2.3.0.jar
7efc38d30000-7efc38d37000 r--s 0002b000 08:05 4728852                    /home/esu/netbeans-8.2/java/maven/lib/sisu-inject-plexus-2.3.0.jar
7efc38d37000-7efc38d38000 ---p 00000000 00:00 0 
7efc38d38000-7efc38e38000 rw-p 00000000 00:00 0 
7efc38e38000-7efc38e3b000 ---p 00000000 00:00 0 
7efc38e3b000-7efc38f39000 rw-p 00000000 00:00 0 
7efc38f39000-7efc38f3c000 ---p 00000000 00:00 0 
7efc38f3c000-7efc3903a000 rw-p 00000000 00:00 0 
7efc3903a000-7efc3903d000 ---p 00000000 00:00 0 
7efc3903d000-7efc3913b000 rw-p 00000000 00:00 0 
7efc3913b000-7efc3913e000 ---p 00000000 00:00 0 
7efc3913e000-7efc3923c000 rw-p 00000000 00:00 0 
7efc3923c000-7efc39514000 r--p 00000000 08:01 793726                     /usr/lib/locale/locale-archive
7efc39514000-7efc39517000 ---p 00000000 00:00 0 
7efc39517000-7efc39615000 rw-p 00000000 00:00 0 
7efc39615000-7efc39618000 ---p 00000000 00:00 0 
7efc39618000-7efc39716000 rw-p 00000000 00:00 0 
7efc39716000-7efc39717000 ---p 00000000 00:00 0 
7efc39717000-7efc3c000000 rw-p 00000000 00:00 0 
7efc3c000000-7efc3c021000 rw-p 00000000 00:00 0 
7efc3c021000-7efc40000000 ---p 00000000 00:00 0 
7efc40000000-7efc40001000 r--s 00002000 08:05 4728889                    /home/esu/netbeans-8.2/java/maven/lib/wagon-file-2.10.jar
7efc40001000-7efc40002000 r--s 00002000 08:05 4728863                    /home/esu/netbeans-8.2/java/maven/lib/wagon-http-shared-2.10.jar
7efc40002000-7efc40004000 r--s 00000000 08:05 4728828                    /home/esu/netbeans-8.2/java/maven/lib/plexus-component-annotations-1.5.5.jar
7efc40004000-7efc40033000 r--s 001c8000 08:05 4728860                    /home/esu/netbeans-8.2/java/maven/lib/wagon-http-2.10-shaded.jar
7efc40033000-7efc40034000 r--s 00003000 08:05 4728883                    /home/esu/netbeans-8.2/java/maven/lib/aether-spi-1.13.1.jar
7efc40034000-7efc40036000 r--s 00009000 08:05 4728890                    /home/esu/netbeans-8.2/java/maven/lib/commons-cli-1.2.jar
7efc40036000-7efc400cc000 r--s 0110a000 08:01 1347497                    /opt/java/jdk1.8.0_162/jre/lib/ext/jfxrt.jar
7efc400cc000-7efc400ed000 rw-p 00000000 00:00 0 
7efc400ed000-7efc402c6000 r--s 03d65000 08:01 1344426                    /opt/java/jdk1.8.0_162/jre/lib/rt.jar
7efc402c6000-7efc40906000 rw-p 00000000 00:00 0 
7efc40906000-7efc40ac6000 ---p 00000000 00:00 0 
7efc40ac6000-7efc40cb4000 rw-p 00000000 00:00 0 
7efc40cb4000-7efc40cb5000 ---p 00000000 00:00 0 
7efc40cb5000-7efc40db5000 rw-p 00000000 00:00 0 
7efc40db5000-7efc40db6000 ---p 00000000 00:00 0 
7efc40db6000-7efc40ecb000 rw-p 00000000 00:00 0 
7efc40ecb000-7efc41000000 ---p 00000000 00:00 0 
7efc41000000-7efc41270000 rwxp 00000000 00:00 0 
7efc41270000-7efc50000000 ---p 00000000 00:00 0 
7efc50000000-7efc504d3000 rw-p 00000000 00:00 0 
7efc504d3000-7efc54000000 ---p 00000000 00:00 0 
7efc54000000-7efc54002000 r--s 0000d000 08:05 4728847                    /home/esu/netbeans-8.2/java/maven/lib/plexus-interpolation-1.14.jar
7efc54002000-7efc54006000 r--s 00033000 08:05 4728875                    /home/esu/netbeans-8.2/java/maven/lib/plexus-utils-2.0.6.jar
7efc54006000-7efc54008000 r--s 0000b000 08:05 4728866                    /home/esu/netbeans-8.2/java/maven/lib/maven-artifact-3.0.5.jar
7efc54008000-7efc5400a000 r--s 00026000 08:05 4728880                    /home/esu/netbeans-8.2/java/maven/lib/maven-model-3.0.5.jar
7efc5400a000-7efc5400d000 r--s 00008000 08:05 4728837                    /home/esu/netbeans-8.2/java/maven/lib/maven-settings-builder-3.0.5.jar
7efc5400d000-7efc540e7000 rw-p 00000000 00:00 0 
7efc540e7000-7efc5421b000 ---p 00000000 00:00 0 
7efc5421b000-7efc5422e000 rw-p 00000000 00:00 0 
7efc5422e000-7efc542c0000 ---p 00000000 00:00 0 
7efc542c0000-7efc542cb000 rw-p 00000000 00:00 0 
7efc542cb000-7efc54681000 ---p 00000000 00:00 0 
7efc54681000-7efc5469c000 r-xp 00000000 08:01 1347335                    /opt/java/jdk1.8.0_162/jre/lib/amd64/libzip.so
7efc5469c000-7efc5489c000 ---p 0001b000 08:01 1347335                    /opt/java/jdk1.8.0_162/jre/lib/amd64/libzip.so
7efc5489c000-7efc5489d000 rw-p 0001b000 08:01 1347335                    /opt/java/jdk1.8.0_162/jre/lib/amd64/libzip.so
7efc5489d000-7efc548a8000 r-xp 00000000 08:01 1708668                    /lib/x86_64-linux-gnu/libnss_files-2.23.so
7efc548a8000-7efc54aa7000 ---p 0000b000 08:01 1708668                    /lib/x86_64-linux-gnu/libnss_files-2.23.so
7efc54aa7000-7efc54aa8000 r--p 0000a000 08:01 1708668                    /lib/x86_64-linux-gnu/libnss_files-2.23.so
7efc54aa8000-7efc54aa9000 rw-p 0000b000 08:01 1708668                    /lib/x86_64-linux-gnu/libnss_files-2.23.so
7efc54aa9000-7efc54aaf000 rw-p 00000000 00:00 0 
7efc54aaf000-7efc54aba000 r-xp 00000000 08:01 1723520                    /lib/x86_64-linux-gnu/libnss_nis-2.23.so
7efc54aba000-7efc54cb9000 ---p 0000b000 08:01 1723520                    /lib/x86_64-linux-gnu/libnss_nis-2.23.so
7efc54cb9000-7efc54cba000 r--p 0000a000 08:01 1723520                    /lib/x86_64-linux-gnu/libnss_nis-2.23.so
7efc54cba000-7efc54cbb000 rw-p 0000b000 08:01 1723520                    /lib/x86_64-linux-gnu/libnss_nis-2.23.so
7efc54cbb000-7efc54cd1000 r-xp 00000000 08:01 1708589                    /lib/x86_64-linux-gnu/libnsl-2.23.so
7efc54cd1000-7efc54ed0000 ---p 00016000 08:01 1708589                    /lib/x86_64-linux-gnu/libnsl-2.23.so
7efc54ed0000-7efc54ed1000 r--p 00015000 08:01 1708589                    /lib/x86_64-linux-gnu/libnsl-2.23.so
7efc54ed1000-7efc54ed2000 rw-p 00016000 08:01 1708589                    /lib/x86_64-linux-gnu/libnsl-2.23.so
7efc54ed2000-7efc54ed4000 rw-p 00000000 00:00 0 
7efc54ed4000-7efc54edc000 r-xp 00000000 08:01 1708640                    /lib/x86_64-linux-gnu/libnss_compat-2.23.so
7efc54edc000-7efc550db000 ---p 00008000 08:01 1708640                    /lib/x86_64-linux-gnu/libnss_compat-2.23.so
7efc550db000-7efc550dc000 r--p 00007000 08:01 1708640                    /lib/x86_64-linux-gnu/libnss_compat-2.23.so
7efc550dc000-7efc550dd000 rw-p 00008000 08:01 1708640                    /lib/x86_64-linux-gnu/libnss_compat-2.23.so
7efc550dd000-7efc55108000 r-xp 00000000 08:01 1347329                    /opt/java/jdk1.8.0_162/jre/lib/amd64/libjava.so
7efc55108000-7efc55307000 ---p 0002b000 08:01 1347329                    /opt/java/jdk1.8.0_162/jre/lib/amd64/libjava.so
7efc55307000-7efc55309000 rw-p 0002a000 08:01 1347329                    /opt/java/jdk1.8.0_162/jre/lib/amd64/libjava.so
7efc55309000-7efc55316000 r-xp 00000000 08:01 1347334                    /opt/java/jdk1.8.0_162/jre/lib/amd64/libverify.so
7efc55316000-7efc55516000 ---p 0000d000 08:01 1347334                    /opt/java/jdk1.8.0_162/jre/lib/amd64/libverify.so
7efc55516000-7efc55518000 rw-p 0000d000 08:01 1347334                    /opt/java/jdk1.8.0_162/jre/lib/amd64/libverify.so
7efc55518000-7efc5551f000 r-xp 00000000 08:01 1723522                    /lib/x86_64-linux-gnu/librt-2.23.so
7efc5551f000-7efc5571e000 ---p 00007000 08:01 1723522                    /lib/x86_64-linux-gnu/librt-2.23.so
7efc5571e000-7efc5571f000 r--p 00006000 08:01 1723522                    /lib/x86_64-linux-gnu/librt-2.23.so
7efc5571f000-7efc55720000 rw-p 00007000 08:01 1723522                    /lib/x86_64-linux-gnu/librt-2.23.so
7efc55720000-7efc55828000 r-xp 00000000 08:01 1708571                    /lib/x86_64-linux-gnu/libm-2.23.so
7efc55828000-7efc55a27000 ---p 00108000 08:01 1708571                    /lib/x86_64-linux-gnu/libm-2.23.so
7efc55a27000-7efc55a28000 r--p 00107000 08:01 1708571                    /lib/x86_64-linux-gnu/libm-2.23.so
7efc55a28000-7efc55a29000 rw-p 00108000 08:01 1708571                    /lib/x86_64-linux-gnu/libm-2.23.so
7efc55a29000-7efc56702000 r-xp 00000000 08:01 1347357                    /opt/java/jdk1.8.0_162/jre/lib/amd64/server/libjvm.so
7efc56702000-7efc56901000 ---p 00cd9000 08:01 1347357                    /opt/java/jdk1.8.0_162/jre/lib/amd64/server/libjvm.so
7efc56901000-7efc569db000 rw-p 00cd8000 08:01 1347357                    /opt/java/jdk1.8.0_162/jre/lib/amd64/server/libjvm.so
7efc569db000-7efc56a26000 rw-p 00000000 00:00 0 
7efc56a26000-7efc56be6000 r-xp 00000000 08:01 1708602                    /lib/x86_64-linux-gnu/libc-2.23.so
7efc56be6000-7efc56de6000 ---p 001c0000 08:01 1708602                    /lib/x86_64-linux-gnu/libc-2.23.so
7efc56de6000-7efc56dea000 r--p 001c0000 08:01 1708602                    /lib/x86_64-linux-gnu/libc-2.23.so
7efc56dea000-7efc56dec000 rw-p 001c4000 08:01 1708602                    /lib/x86_64-linux-gnu/libc-2.23.so
7efc56dec000-7efc56df0000 rw-p 00000000 00:00 0 
7efc56df0000-7efc56df3000 r-xp 00000000 08:01 1708621                    /lib/x86_64-linux-gnu/libdl-2.23.so
7efc56df3000-7efc56ff2000 ---p 00003000 08:01 1708621                    /lib/x86_64-linux-gnu/libdl-2.23.so
7efc56ff2000-7efc56ff3000 r--p 00002000 08:01 1708621                    /lib/x86_64-linux-gnu/libdl-2.23.so
7efc56ff3000-7efc56ff4000 rw-p 00003000 08:01 1708621                    /lib/x86_64-linux-gnu/libdl-2.23.so
7efc56ff4000-7efc5700a000 r-xp 00000000 08:01 1343600                    /opt/java/jdk1.8.0_162/lib/amd64/jli/libjli.so
7efc5700a000-7efc57209000 ---p 00016000 08:01 1343600                    /opt/java/jdk1.8.0_162/lib/amd64/jli/libjli.so
7efc57209000-7efc5720a000 rw-p 00015000 08:01 1343600                    /opt/java/jdk1.8.0_162/lib/amd64/jli/libjli.so
7efc5720a000-7efc57222000 r-xp 00000000 08:01 1708596                    /lib/x86_64-linux-gnu/libpthread-2.23.so
7efc57222000-7efc57421000 ---p 00018000 08:01 1708596                    /lib/x86_64-linux-gnu/libpthread-2.23.so
7efc57421000-7efc57422000 r--p 00017000 08:01 1708596                    /lib/x86_64-linux-gnu/libpthread-2.23.so
7efc57422000-7efc57423000 rw-p 00018000 08:01 1708596                    /lib/x86_64-linux-gnu/libpthread-2.23.so
7efc57423000-7efc57427000 rw-p 00000000 00:00 0 
7efc57427000-7efc5744d000 r-xp 00000000 08:01 1708592                    /lib/x86_64-linux-gnu/ld-2.23.so
7efc5744d000-7efc57459000 r--s 0007d000 08:05 4728887                    /home/esu/netbeans-8.2/java/maven/lib/maven-core-3.0.5.jar
7efc57459000-7efc5751e000 rw-p 00000000 00:00 0 
7efc5751e000-7efc57521000 ---p 00000000 00:00 0 
7efc57521000-7efc57623000 rw-p 00000000 00:00 0 
7efc57623000-7efc57625000 r--s 0000c000 08:05 4728839                    /home/esu/netbeans-8.2/java/maven/lib/maven-aether-provider-3.0.5.jar
7efc57625000-7efc5762b000 r--s 0003f000 08:05 4728878                    /home/esu/netbeans-8.2/java/maven/lib/maven-compat-3.0.5.jar
7efc5762b000-7efc5762d000 r--s 0000a000 08:05 4728857                    /home/esu/netbeans-8.2/java/maven/boot/plexus-classworlds-2.4.jar
7efc5762d000-7efc57641000 rw-p 00000000 00:00 0 
7efc57641000-7efc57649000 rw-s 00000000 08:01 537161                     /tmp/hsperfdata_esu/8588
7efc57649000-7efc5764a000 rw-p 00000000 00:00 0 
7efc5764a000-7efc5764b000 r--p 00000000 00:00 0 
7efc5764b000-7efc5764c000 rw-p 00000000 00:00 0 
7efc5764c000-7efc5764d000 r--p 00025000 08:01 1708592                    /lib/x86_64-linux-gnu/ld-2.23.so
7efc5764d000-7efc5764e000 rw-p 00026000 08:01 1708592                    /lib/x86_64-linux-gnu/ld-2.23.so
7efc5764e000-7efc5764f000 rw-p 00000000 00:00 0 
7ffeef46e000-7ffeef48f000 rw-p 00000000 00:00 0                          [stack]
7ffeef59f000-7ffeef5a1000 r--p 00000000 00:00 0                          [vvar]
7ffeef5a1000-7ffeef5a3000 r-xp 00000000 00:00 0                          [vdso]
ffffffffff600000-ffffffffff601000 r-xp 00000000 00:00 0                  [vsyscall]

VM Arguments:
jvm_args: -Dclassworlds.conf=/home/esu/netbeans-8.2/java/maven/bin/m2.conf -Dmaven.home=/home/esu/netbeans-8.2/java/maven 
java_command: org.codehaus.plexus.classworlds.launcher.Launcher -Dmaven.ext.class.path=/home/esu/netbeans-8.2/java/maven-nblib/netbeans-eventspy.jar jetty:run
java_class_path (initial): /home/esu/netbeans-8.2/java/maven/boot/plexus-classworlds-2.4.jar
Launcher Type: SUN_STANDARD

Environment Variables:
JAVA_HOME=/opt/java/jdk1.8.0_162
PATH=/usr/local/sbin:/usr/local/bin:/usr/sbin:/usr/bin:/sbin:/bin:/usr/games:/usr/local/games:/usr/lib/jvm/java-8-oracle/bin:/usr/lib/jvm/java-8-oracle/db/bin:/usr/lib/jvm/java-8-oracle/jre/bin
USERNAME=esu
LD_LIBRARY_PATH=/opt/java/jdk1.8.0_162/jre/lib/amd64:/opt/java/jdk1.8.0_162/jre/lib/i386:
SHELL=/bin/bash
DISPLAY=:0.0

Signal Handlers:
SIGSEGV: [libjvm.so+0xad03c0], sa_mask[0]=11111111011111111101111111111110, sa_flags=SA_RESTART|SA_SIGINFO
SIGBUS: [libjvm.so+0xad03c0], sa_mask[0]=11111111011111111101111111111110, sa_flags=SA_RESTART|SA_SIGINFO
SIGFPE: [libjvm.so+0x928210], sa_mask[0]=11111111011111111101111111111110, sa_flags=SA_RESTART|SA_SIGINFO
SIGPIPE: [libjvm.so+0x928210], sa_mask[0]=11111111011111111101111111111110, sa_flags=SA_RESTART|SA_SIGINFO
SIGXFSZ: [libjvm.so+0x928210], sa_mask[0]=11111111011111111101111111111110, sa_flags=SA_RESTART|SA_SIGINFO
SIGILL: [libjvm.so+0x928210], sa_mask[0]=11111111011111111101111111111110, sa_flags=SA_RESTART|SA_SIGINFO
SIGUSR1: SIG_DFL, sa_mask[0]=00000000000000000000000000000000, sa_flags=none
SIGUSR2: [libjvm.so+0x929a70], sa_mask[0]=00100000000000000000000000000000, sa_flags=SA_RESTART|SA_SIGINFO
SIGHUP: [libjvm.so+0x92ae70], sa_mask[0]=11111111011111111101111111111110, sa_flags=SA_RESTART|SA_SIGINFO
SIGINT: SIG_IGN, sa_mask[0]=00000000000000000000000000000000, sa_flags=none
SIGTERM: [libjvm.so+0x92ae70], sa_mask[0]=11111111011111111101111111111110, sa_flags=SA_RESTART|SA_SIGINFO
SIGQUIT: [libjvm.so+0x92ae70], sa_mask[0]=11111111011111111101111111111110, sa_flags=SA_RESTART|SA_SIGINFO


---------------  S Y S T E M  ---------------

OS:DISTRIB_ID=LinuxMint
DISTRIB_RELEASE=18
DISTRIB_CODENAME=sarah
DISTRIB_DESCRIPTION="Linux Mint 18 Sarah"

uname:Linux 4.4.0-96-generic #119-Ubuntu SMP Tue Sep 12 14:59:54 UTC 2017 x86_64
libc:glibc 2.23 NPTL 2.23 
rlimit: STACK 8192k, CORE 0k, NPROC 15637, NOFILE 1048576, AS infinity
load average:0.49 0.35 0.44

/proc/meminfo:
MemTotal:        4045204 kB
MemFree:          580144 kB
MemAvailable:     718808 kB
Buffers:           22328 kB
Cached:           383928 kB
SwapCached:        40280 kB
Active:          2265504 kB
Inactive:         935628 kB
Active(anon):    2072248 kB
Inactive(anon):   801092 kB
Active(file):     193256 kB
Inactive(file):   134536 kB
Unevictable:          48 kB
Mlocked:              48 kB
SwapTotal:       9765620 kB
SwapFree:        9245032 kB
Dirty:             21432 kB
Writeback:             0 kB
AnonPages:       2782432 kB
Mapped:           266732 kB
Shmem:             78464 kB
Slab:              78592 kB
SReclaimable:      34136 kB
SUnreclaim:        44456 kB
KernelStack:       13280 kB
PageTables:        53388 kB
NFS_Unstable:          0 kB
Bounce:                0 kB
WritebackTmp:          0 kB
CommitLimit:    11788220 kB
Committed_AS:    9712088 kB
VmallocTotal:   34359738367 kB
VmallocUsed:           0 kB
VmallocChunk:          0 kB
HardwareCorrupted:     0 kB
AnonHugePages:   1114112 kB
CmaTotal:              0 kB
CmaFree:               0 kB
HugePages_Total:       0
HugePages_Free:        0
HugePages_Rsvd:        0
HugePages_Surp:        0
Hugepagesize:       2048 kB
DirectMap4k:      246720 kB
DirectMap2M:     3946496 kB


CPU:total 2 (initial active 2) (2 cores per cpu, 1 threads per core) family 6 model 23 stepping 10, cmov, cx8, fxsr, mmx, sse, sse2, sse3, ssse3, sse4.1, tsc

/proc/cpuinfo:
processor	: 0
vendor_id	: GenuineIntel
cpu family	: 6
model		: 23
model name	: Intel(R) Core(TM)2 Duo CPU     E8400  @ 3.00GHz
stepping	: 10
microcode	: 0xa0b
cpu MHz		: 3996.000
cache size	: 6144 KB
physical id	: 0
siblings	: 2
core id		: 0
cpu cores	: 2
apicid		: 0
initial apicid	: 0
fpu		: yes
fpu_exception	: yes
cpuid level	: 13
wp		: yes
flags		: fpu vme de pse tsc msr pae mce cx8 apic sep mtrr pge mca cmov pat pse36 clflush dts acpi mmx fxsr sse sse2 ss ht tm pbe syscall nx lm constant_tsc arch_perfmon pebs bts rep_good nopl aperfmperf pni dtes64 monitor ds_cpl vmx smx est tm2 ssse3 cx16 xtpr pdcm sse4_1 xsave lahf_lm tpr_shadow vnmi flexpriority dtherm
bugs		:
bogomips	: 7996.23
clflush size	: 64
cache_alignment	: 64
address sizes	: 36 bits physical, 48 bits virtual
power management:

processor	: 1
vendor_id	: GenuineIntel
cpu family	: 6
model		: 23
model name	: Intel(R) Core(TM)2 Duo CPU     E8400  @ 3.00GHz
stepping	: 10
microcode	: 0xa0b
cpu MHz		: 3996.000
cache size	: 6144 KB
physical id	: 0
siblings	: 2
core id		: 1
cpu cores	: 2
apicid		: 1
initial apicid	: 1
fpu		: yes
fpu_exception	: yes
cpuid level	: 13
wp		: yes
flags		: fpu vme de pse tsc msr pae mce cx8 apic sep mtrr pge mca cmov pat pse36 clflush dts acpi mmx fxsr sse sse2 ss ht tm pbe syscall nx lm constant_tsc arch_perfmon pebs bts rep_good nopl aperfmperf pni dtes64 monitor ds_cpl vmx smx est tm2 ssse3 cx16 xtpr pdcm sse4_1 xsave lahf_lm tpr_shadow vnmi flexpriority dtherm
bugs		:
bogomips	: 7996.23
clflush size	: 64
cache_alignment	: 64
address sizes	: 36 bits physical, 48 bits virtual
power management:



Memory: 4k page, physical 4045204k(580144k free), swap 9765620k(9245032k free)

vm_info: Java HotSpot(TM) 64-Bit Server VM (25.162-b12) for linux-amd64 JRE (1.8.0_162-b12), built on Dec 19 2017 21:15:48 by "java_re" with gcc 4.3.0 20080428 (Red Hat 4.3.0-8)

time: Sun May  6 20:46:23 2018
elapsed time: 0 seconds (0d 0h 0m 0s)

